{"/home/travis/build/npmtest/node-npmtest-angular-smart-table/test.js":{"path":"/home/travis/build/npmtest/node-npmtest-angular-smart-table/test.js","s":{"1":2,"2":2,"3":2,"4":2,"5":2,"6":2,"7":2,"8":1,"9":2,"10":2,"11":1,"12":1,"13":1,"14":1,"15":2,"16":2,"17":2,"18":2,"19":1,"20":1,"21":2,"22":2,"23":2,"24":1,"25":1,"26":1,"27":1,"28":1,"29":1,"30":1,"31":1,"32":1,"33":1,"34":1,"35":1,"36":1,"37":1,"38":1,"39":2,"40":2,"41":1,"42":2,"43":2,"44":1,"45":2,"46":2,"47":1,"48":2,"49":2,"50":1,"51":1,"52":1,"53":1,"54":1},"b":{"1":[2,1,1,1],"2":[1,1,1,1],"3":[1,1],"4":[1,1],"5":[1,1],"6":[1,1],"7":[1,1],"8":[1,1],"9":[1,1],"10":[1,1,1],"11":[1,1],"12":[1,1],"13":[1,1],"14":[1,1],"15":[1,1],"16":[1,1],"17":[1,1]},"f":{"1":2,"2":2,"3":2,"4":2,"5":2,"6":1,"7":1,"8":1,"9":2,"10":2,"11":2,"12":2,"13":1},"fnMap":{"1":{"name":"(anonymous_1)","line":12,"loc":{"start":{"line":12,"column":1},"end":{"line":12,"column":13}}},"2":{"name":"(anonymous_2)","line":19,"loc":{"start":{"line":19,"column":5},"end":{"line":19,"column":17}}},"3":{"name":"(anonymous_3)","line":23,"loc":{"start":{"line":23,"column":24},"end":{"line":23,"column":36}}},"4":{"name":"(anonymous_4)","line":61,"loc":{"start":{"line":61,"column":5},"end":{"line":61,"column":17}}},"5":{"name":"(anonymous_5)","line":82,"loc":{"start":{"line":82,"column":5},"end":{"line":82,"column":17}}},"6":{"name":"(anonymous_6)","line":91,"loc":{"start":{"line":91,"column":77},"end":{"line":94,"column":10}}},"7":{"name":"(anonymous_7)","line":112,"loc":{"start":{"line":112,"column":83},"end":{"line":115,"column":10}},"skip":true},"8":{"name":"(anonymous_8)","line":123,"loc":{"start":{"line":123,"column":77},"end":{"line":126,"column":10}},"skip":true},"9":{"name":"(anonymous_9)","line":139,"loc":{"start":{"line":139,"column":12},"end":{"line":139,"column":40}},"skip":true},"10":{"name":"(anonymous_10)","line":147,"loc":{"start":{"line":147,"column":77},"end":{"line":150,"column":10}},"skip":true},"11":{"name":"(anonymous_11)","line":158,"loc":{"start":{"line":158,"column":83},"end":{"line":161,"column":10}},"skip":true},"12":{"name":"(anonymous_12)","line":169,"loc":{"start":{"line":169,"column":79},"end":{"line":172,"column":10}},"skip":true},"13":{"name":"(anonymous_13)","line":180,"loc":{"start":{"line":180,"column":75},"end":{"line":183,"column":10}},"skip":true}},"statementMap":{"1":{"start":{"line":12,"column":0},"end":{"line":195,"column":5}},"2":{"start":{"line":14,"column":4},"end":{"line":14,"column":14}},"3":{"start":{"line":19,"column":4},"end":{"line":56,"column":9}},"4":{"start":{"line":21,"column":8},"end":{"line":21,"column":19}},"5":{"start":{"line":23,"column":8},"end":{"line":35,"column":13}},"6":{"start":{"line":24,"column":12},"end":{"line":34,"column":13}},"7":{"start":{"line":25,"column":16},"end":{"line":28,"column":30}},"8":{"start":{"line":30,"column":16},"end":{"line":33,"column":27}},"9":{"start":{"line":37,"column":8},"end":{"line":39,"column":21}},"10":{"start":{"line":40,"column":8},"end":{"line":53,"column":9}},"11":{"start":{"line":43,"column":12},"end":{"line":46,"column":14}},"12":{"start":{"line":47,"column":12},"end":{"line":47,"column":18}},"13":{"start":{"line":50,"column":12},"end":{"line":51,"column":33}},"14":{"start":{"line":52,"column":12},"end":{"line":52,"column":18}},"15":{"start":{"line":55,"column":8},"end":{"line":55,"column":35}},"16":{"start":{"line":61,"column":4},"end":{"line":63,"column":9}},"17":{"start":{"line":62,"column":8},"end":{"line":62,"column":15}},"18":{"start":{"line":64,"column":4},"end":{"line":77,"column":5}},"19":{"start":{"line":70,"column":8},"end":{"line":70,"column":14}},"20":{"start":{"line":76,"column":8},"end":{"line":76,"column":14}},"21":{"start":{"line":82,"column":4},"end":{"line":84,"column":9}},"22":{"start":{"line":83,"column":8},"end":{"line":83,"column":15}},"23":{"start":{"line":85,"column":4},"end":{"line":194,"column":5}},"24":{"start":{"line":91,"column":8},"end":{"line":99,"column":10}},"25":{"start":{"line":98,"column":12},"end":{"line":98,"column":35}},"26":{"start":{"line":102,"column":8},"end":{"line":104,"column":63}},"27":{"start":{"line":105,"column":8},"end":{"line":105,"column":14}},"28":{"start":{"line":112,"column":8},"end":{"line":121,"column":10},"skip":true},"29":{"start":{"line":119,"column":12},"end":{"line":119,"column":55},"skip":true},"30":{"start":{"line":120,"column":12},"end":{"line":120,"column":48},"skip":true},"31":{"start":{"line":123,"column":8},"end":{"line":136,"column":10},"skip":true},"32":{"start":{"line":130,"column":12},"end":{"line":130,"column":76},"skip":true},"33":{"start":{"line":131,"column":12},"end":{"line":131,"column":73},"skip":true},"34":{"start":{"line":132,"column":12},"end":{"line":132,"column":74},"skip":true},"35":{"start":{"line":133,"column":12},"end":{"line":133,"column":79},"skip":true},"36":{"start":{"line":134,"column":12},"end":{"line":134,"column":25},"skip":true},"37":{"start":{"line":135,"column":12},"end":{"line":135,"column":45},"skip":true},"38":{"start":{"line":138,"column":8},"end":{"line":145,"column":14},"skip":true},"39":{"start":{"line":143,"column":16},"end":{"line":143,"column":29},"skip":true},"40":{"start":{"line":144,"column":16},"end":{"line":144,"column":55},"skip":true},"41":{"start":{"line":147,"column":8},"end":{"line":156,"column":10},"skip":true},"42":{"start":{"line":154,"column":12},"end":{"line":154,"column":25},"skip":true},"43":{"start":{"line":155,"column":12},"end":{"line":155,"column":45},"skip":true},"44":{"start":{"line":158,"column":8},"end":{"line":167,"column":10},"skip":true},"45":{"start":{"line":165,"column":12},"end":{"line":165,"column":25},"skip":true},"46":{"start":{"line":166,"column":12},"end":{"line":166,"column":48},"skip":true},"47":{"start":{"line":169,"column":8},"end":{"line":178,"column":10},"skip":true},"48":{"start":{"line":176,"column":12},"end":{"line":176,"column":25},"skip":true},"49":{"start":{"line":177,"column":12},"end":{"line":177,"column":46},"skip":true},"50":{"start":{"line":180,"column":8},"end":{"line":189,"column":10},"skip":true},"51":{"start":{"line":187,"column":12},"end":{"line":187,"column":94},"skip":true},"52":{"start":{"line":188,"column":12},"end":{"line":188,"column":48},"skip":true},"53":{"start":{"line":192,"column":8},"end":{"line":192,"column":35},"skip":true},"54":{"start":{"line":193,"column":8},"end":{"line":193,"column":14},"skip":true}},"branchMap":{"1":{"line":25,"type":"binary-expr","locations":[{"start":{"line":25,"column":23},"end":{"line":25,"column":62}},{"start":{"line":26,"column":20},"end":{"line":26,"column":70}},{"start":{"line":27,"column":20},"end":{"line":27,"column":71}},{"start":{"line":28,"column":20},"end":{"line":28,"column":29}}]},"2":{"line":30,"type":"binary-expr","locations":[{"start":{"line":30,"column":23},"end":{"line":30,"column":37}},{"start":{"line":31,"column":20},"end":{"line":31,"column":61}},{"start":{"line":32,"column":20},"end":{"line":32,"column":70}},{"start":{"line":33,"column":20},"end":{"line":33,"column":26}}]},"3":{"line":37,"type":"cond-expr","locations":[{"start":{"line":38,"column":14},"end":{"line":38,"column":20}},{"start":{"line":39,"column":14},"end":{"line":39,"column":20}}]},"4":{"line":40,"type":"switch","locations":[{"start":{"line":42,"column":8},"end":{"line":47,"column":18}},{"start":{"line":49,"column":8},"end":{"line":52,"column":18}}]},"5":{"line":44,"type":"binary-expr","locations":[{"start":{"line":44,"column":16},"end":{"line":44,"column":44}},{"start":{"line":44,"column":48},"end":{"line":44,"column":66}}]},"6":{"line":50,"type":"binary-expr","locations":[{"start":{"line":50,"column":21},"end":{"line":50,"column":49}},{"start":{"line":50,"column":53},"end":{"line":50,"column":72}}]},"7":{"line":64,"type":"switch","locations":[{"start":{"line":69,"column":4},"end":{"line":70,"column":14}},{"start":{"line":75,"column":4},"end":{"line":76,"column":14}}]},"8":{"line":85,"type":"switch","locations":[{"start":{"line":90,"column":4},"end":{"line":105,"column":14}},{"start":{"line":111,"column":4},"end":{"line":193,"column":14},"skip":true}]},"9":{"line":91,"type":"binary-expr","locations":[{"start":{"line":91,"column":42},"end":{"line":91,"column":73}},{"start":{"line":91,"column":77},"end":{"line":99,"column":9}}]},"10":{"line":102,"type":"binary-expr","locations":[{"start":{"line":102,"column":18},"end":{"line":102,"column":32}},{"start":{"line":103,"column":12},"end":{"line":103,"column":53}},{"start":{"line":104,"column":12},"end":{"line":104,"column":61}}]},"11":{"line":112,"type":"binary-expr","locations":[{"start":{"line":112,"column":45},"end":{"line":112,"column":79},"skip":true},{"start":{"line":112,"column":83},"end":{"line":121,"column":9},"skip":true}]},"12":{"line":123,"type":"binary-expr","locations":[{"start":{"line":123,"column":42},"end":{"line":123,"column":73},"skip":true},{"start":{"line":123,"column":77},"end":{"line":136,"column":9},"skip":true}]},"13":{"line":138,"type":"binary-expr","locations":[{"start":{"line":138,"column":48},"end":{"line":138,"column":85},"skip":true},{"start":{"line":139,"column":12},"end":{"line":145,"column":13},"skip":true}]},"14":{"line":147,"type":"binary-expr","locations":[{"start":{"line":147,"column":42},"end":{"line":147,"column":73},"skip":true},{"start":{"line":147,"column":77},"end":{"line":156,"column":9},"skip":true}]},"15":{"line":158,"type":"binary-expr","locations":[{"start":{"line":158,"column":45},"end":{"line":158,"column":79},"skip":true},{"start":{"line":158,"column":83},"end":{"line":167,"column":9},"skip":true}]},"16":{"line":169,"type":"binary-expr","locations":[{"start":{"line":169,"column":43},"end":{"line":169,"column":75},"skip":true},{"start":{"line":169,"column":79},"end":{"line":178,"column":9},"skip":true}]},"17":{"line":180,"type":"binary-expr","locations":[{"start":{"line":180,"column":41},"end":{"line":180,"column":71},"skip":true},{"start":{"line":180,"column":75},"end":{"line":189,"column":9},"skip":true}]}},"code":["/* istanbul instrument in package npmtest_angular_smart_table */","/*jslint","    bitwise: true,","    browser: true,","    maxerr: 8,","    maxlen: 96,","    node: true,","    nomen: true,","    regexp: true,","    stupid: true","*/","(function () {","    'use strict';","    var local;","","","","    // run shared js-env code - pre-init","    (function () {","        // init local","        local = {};","        // init modeJs","        local.modeJs = (function () {","            try {","                return typeof navigator.userAgent === 'string' &&","                    typeof document.querySelector('body') === 'object' &&","                    typeof XMLHttpRequest.prototype.open === 'function' &&","                    'browser';","            } catch (errorCaughtBrowser) {","                return module.exports &&","                    typeof process.versions.node === 'string' &&","                    typeof require('http').createServer === 'function' &&","                    'node';","            }","        }());","        // init global","        local.global = local.modeJs === 'browser'","            ? window","            : global;","        switch (local.modeJs) {","        // re-init local from window.local","        case 'browser':","            local = local.global.utility2.objectSetDefault(","                local.global.utility2_rollup || local.global.local,","                local.global.utility2","            );","            break;","        // re-init local from example.js","        case 'node':","            local = (local.global.utility2_rollup || require('utility2'))","                .requireReadme();","            break;","        }","        // export local","        local.global.local = local;","    }());","","","","    // run shared js-env code - function","    (function () {","        return;","    }());","    switch (local.modeJs) {","","","","    // run browser js-env code - function","    case 'browser':","        break;","","","","    // run node js-env code - function","    case 'node':","        break;","    }","","","","    // run shared js-env code - post-init","    (function () {","        return;","    }());","    switch (local.modeJs) {","","","","    // run browser js-env code - post-init","    case 'browser':","        local.testCase_browser_nullCase = local.testCase_browser_nullCase || function (","            options,","            onError","        ) {","        /*","         * this function will test browsers's null-case handling-behavior-behavior","         */","            onError(null, options);","        };","","        // run tests","        local.nop(local.modeTest &&","            document.querySelector('#testRunButton1') &&","            document.querySelector('#testRunButton1').click());","        break;","","","","    // run node js-env code - post-init","    /* istanbul ignore next */","    case 'node':","        local.testCase_buildApidoc_default = local.testCase_buildApidoc_default || function (","            options,","            onError","        ) {","        /*","         * this function will test buildApidoc's default handling-behavior-behavior","         */","            options = { modulePathList: module.paths };","            local.buildApidoc(options, onError);","        };","","        local.testCase_buildApp_default = local.testCase_buildApp_default || function (","            options,","            onError","        ) {","        /*","         * this function will test buildApp's default handling-behavior-behavior","         */","            local.testCase_buildReadme_default(options, local.onErrorThrow);","            local.testCase_buildLib_default(options, local.onErrorThrow);","            local.testCase_buildTest_default(options, local.onErrorThrow);","            local.testCase_buildCustomOrg_default(options, local.onErrorThrow);","            options = [];","            local.buildApp(options, onError);","        };","","        local.testCase_buildCustomOrg_default = local.testCase_buildCustomOrg_default ||","            function (options, onError) {","            /*","             * this function will test buildCustomOrg's default handling-behavior","             */","                options = {};","                local.buildCustomOrg(options, onError);","            };","","        local.testCase_buildLib_default = local.testCase_buildLib_default || function (","            options,","            onError","        ) {","        /*","         * this function will test buildLib's default handling-behavior","         */","            options = {};","            local.buildLib(options, onError);","        };","","        local.testCase_buildReadme_default = local.testCase_buildReadme_default || function (","            options,","            onError","        ) {","        /*","         * this function will test buildReadme's default handling-behavior-behavior","         */","            options = {};","            local.buildReadme(options, onError);","        };","","        local.testCase_buildTest_default = local.testCase_buildTest_default || function (","            options,","            onError","        ) {","        /*","         * this function will test buildTest's default handling-behavior","         */","            options = {};","            local.buildTest(options, onError);","        };","","        local.testCase_webpage_default = local.testCase_webpage_default || function (","            options,","            onError","        ) {","        /*","         * this function will test webpage's default handling-behavior","         */","            options = { modeCoverageMerge: true, url: local.serverLocalHost + '?modeTest=1' };","            local.browserTest(options, onError);","        };","","        // run test-server","        local.testRunServer(local);","        break;","    }","}());",""],"l":{"12":2,"14":2,"19":2,"21":2,"23":2,"24":2,"25":2,"30":1,"37":2,"40":2,"43":1,"47":1,"50":1,"52":1,"55":2,"61":2,"62":2,"64":2,"70":1,"76":1,"82":2,"83":2,"85":2,"91":1,"98":1,"102":1,"105":1,"112":1,"119":1,"120":1,"123":1,"130":1,"131":1,"132":1,"133":1,"134":1,"135":1,"138":1,"143":2,"144":2,"147":1,"154":2,"155":2,"158":1,"165":2,"166":2,"169":1,"176":2,"177":2,"180":1,"187":1,"188":1,"192":1,"193":1}},"/home/travis/build/npmtest/node-npmtest-angular-smart-table/lib.npmtest_angular_smart_table.js":{"path":"/home/travis/build/npmtest/node-npmtest-angular-smart-table/lib.npmtest_angular_smart_table.js","s":{"1":2,"2":2,"3":2,"4":2,"5":2,"6":2,"7":2,"8":1,"9":2,"10":2,"11":2,"12":2,"13":1,"14":1,"15":1,"16":1},"b":{"1":[2,1,1,1],"2":[1,1,1,1],"3":[1,1],"4":[2,2],"5":[1,1]},"f":{"1":2,"2":2,"3":2},"fnMap":{"1":{"name":"(anonymous_1)","line":12,"loc":{"start":{"line":12,"column":1},"end":{"line":12,"column":13}}},"2":{"name":"(anonymous_2)","line":19,"loc":{"start":{"line":19,"column":5},"end":{"line":19,"column":17}}},"3":{"name":"(anonymous_3)","line":23,"loc":{"start":{"line":23,"column":24},"end":{"line":23,"column":36}}}},"statementMap":{"1":{"start":{"line":12,"column":0},"end":{"line":53,"column":5}},"2":{"start":{"line":14,"column":4},"end":{"line":14,"column":14}},"3":{"start":{"line":19,"column":4},"end":{"line":52,"column":9}},"4":{"start":{"line":21,"column":8},"end":{"line":21,"column":19}},"5":{"start":{"line":23,"column":8},"end":{"line":35,"column":13}},"6":{"start":{"line":24,"column":12},"end":{"line":34,"column":13}},"7":{"start":{"line":25,"column":16},"end":{"line":28,"column":30}},"8":{"start":{"line":30,"column":16},"end":{"line":33,"column":27}},"9":{"start":{"line":37,"column":8},"end":{"line":39,"column":21}},"10":{"start":{"line":41,"column":8},"end":{"line":41,"column":54}},"11":{"start":{"line":43,"column":8},"end":{"line":43,"column":64}},"12":{"start":{"line":45,"column":8},"end":{"line":51,"column":9}},"13":{"start":{"line":46,"column":12},"end":{"line":46,"column":70}},"14":{"start":{"line":48,"column":12},"end":{"line":48,"column":35}},"15":{"start":{"line":49,"column":12},"end":{"line":49,"column":49}},"16":{"start":{"line":50,"column":12},"end":{"line":50,"column":43}}},"branchMap":{"1":{"line":25,"type":"binary-expr","locations":[{"start":{"line":25,"column":23},"end":{"line":25,"column":62}},{"start":{"line":26,"column":20},"end":{"line":26,"column":70}},{"start":{"line":27,"column":20},"end":{"line":27,"column":71}},{"start":{"line":28,"column":20},"end":{"line":28,"column":29}}]},"2":{"line":30,"type":"binary-expr","locations":[{"start":{"line":30,"column":23},"end":{"line":30,"column":37}},{"start":{"line":31,"column":20},"end":{"line":31,"column":61}},{"start":{"line":32,"column":20},"end":{"line":32,"column":70}},{"start":{"line":33,"column":20},"end":{"line":33,"column":26}}]},"3":{"line":37,"type":"cond-expr","locations":[{"start":{"line":38,"column":14},"end":{"line":38,"column":20}},{"start":{"line":39,"column":14},"end":{"line":39,"column":20}}]},"4":{"line":41,"type":"binary-expr","locations":[{"start":{"line":41,"column":16},"end":{"line":41,"column":44}},{"start":{"line":41,"column":48},"end":{"line":41,"column":53}}]},"5":{"line":45,"type":"if","locations":[{"start":{"line":45,"column":8},"end":{"line":45,"column":8}},{"start":{"line":45,"column":8},"end":{"line":45,"column":8}}]}},"code":["/* istanbul instrument in package npmtest_angular_smart_table */","/*jslint","    bitwise: true,","    browser: true,","    maxerr: 8,","    maxlen: 96,","    node: true,","    nomen: true,","    regexp: true,","    stupid: true","*/","(function () {","    'use strict';","    var local;","","","","    // run shared js-env code - pre-init","    (function () {","        // init local","        local = {};","        // init modeJs","        local.modeJs = (function () {","            try {","                return typeof navigator.userAgent === 'string' &&","                    typeof document.querySelector('body') === 'object' &&","                    typeof XMLHttpRequest.prototype.open === 'function' &&","                    'browser';","            } catch (errorCaughtBrowser) {","                return module.exports &&","                    typeof process.versions.node === 'string' &&","                    typeof require('http').createServer === 'function' &&","                    'node';","            }","        }());","        // init global","        local.global = local.modeJs === 'browser'","            ? window","            : global;","        // init utility2_rollup","        local = local.global.utility2_rollup || local;","        // init lib","        local.local = local.npmtest_angular_smart_table = local;","        // init exports","        if (local.modeJs === 'browser') {","            local.global.utility2_npmtest_angular_smart_table = local;","        } else {","            module.exports = local;","            module.exports.__dirname = __dirname;","            module.exports.module = module;","        }","    }());","}());",""],"l":{"12":2,"14":2,"19":2,"21":2,"23":2,"24":2,"25":2,"30":1,"37":2,"41":2,"43":2,"45":2,"46":1,"48":1,"49":1,"50":1}},"/home/travis/build/npmtest/node-npmtest-angular-smart-table/example.js":{"path":"/home/travis/build/npmtest/node-npmtest-angular-smart-table/example.js","s":{"1":2,"2":2,"3":2,"4":2,"5":2,"6":2,"7":2,"8":1,"9":2,"10":2,"11":2,"12":2,"13":1,"14":2,"15":2,"16":2,"17":2,"18":2,"19":0,"20":2,"21":1,"22":1,"23":1,"24":1,"25":1,"26":0,"27":0,"28":1,"29":1,"30":2,"31":0,"32":0,"33":0,"34":1,"35":2,"36":2,"37":3,"38":3,"39":3,"40":3,"41":0,"42":3,"43":3,"44":3,"45":1,"46":3,"47":1,"48":1,"49":1,"50":1,"51":1,"52":1,"53":1,"54":1,"55":1,"56":1,"57":0,"58":1,"59":6,"60":6,"61":1,"62":2,"63":0,"64":2,"65":1,"66":1,"67":0,"68":0,"69":0,"70":0,"71":0,"72":0,"73":0,"74":0,"75":0,"76":0,"77":0,"78":0,"79":0,"80":0,"81":0,"82":0,"83":0},"b":{"1":[2,1,1,1],"2":[1,1,1,1],"3":[1,1],"4":[2,2],"5":[1,1],"6":[1,1],"7":[2,0],"8":[2,1,1,1,1,1],"9":[0,2,0],"10":[1,1],"11":[2,1,1],"12":[1,0],"13":[0,2],"14":[2,0,0,0,0,0,0],"15":[0,3],"16":[3,0],"17":[1,1],"18":[0,1],"19":[1,2,0,2],"20":[1,0],"21":[1,1],"22":[0,0],"23":[0,0],"24":[0,0],"25":[0,0],"26":[0,0],"27":[0,0],"28":[0,0]},"f":{"1":2,"2":2,"3":2,"4":2,"5":2,"6":2,"7":3,"8":3,"9":3,"10":1,"11":6,"12":0},"fnMap":{"1":{"name":"(anonymous_1)","line":26,"loc":{"start":{"line":26,"column":1},"end":{"line":26,"column":13}}},"2":{"name":"(anonymous_2)","line":33,"loc":{"start":{"line":33,"column":5},"end":{"line":33,"column":17}}},"3":{"name":"(anonymous_3)","line":37,"loc":{"start":{"line":37,"column":24},"end":{"line":37,"column":36}}},"4":{"name":"(anonymous_4)","line":69,"loc":{"start":{"line":69,"column":31},"end":{"line":69,"column":48}},"skip":true},"5":{"name":"(anonymous_5)","line":78,"loc":{"start":{"line":78,"column":26},"end":{"line":78,"column":45}},"skip":true},"6":{"name":"(anonymous_6)","line":123,"loc":{"start":{"line":123,"column":33},"end":{"line":123,"column":48}},"skip":true},"7":{"name":"(anonymous_7)","line":125,"loc":{"start":{"line":125,"column":27},"end":{"line":125,"column":39}},"skip":true},"8":{"name":"(anonymous_8)","line":133,"loc":{"start":{"line":133,"column":59},"end":{"line":133,"column":74}},"skip":true},"9":{"name":"(anonymous_9)","line":143,"loc":{"start":{"line":143,"column":45},"end":{"line":143,"column":62}},"skip":true},"10":{"name":"(anonymous_10)","line":144,"loc":{"start":{"line":144,"column":73},"end":{"line":144,"column":92}},"skip":true},"11":{"name":"(anonymous_11)","line":272,"loc":{"start":{"line":272,"column":51},"end":{"line":272,"column":77}},"skip":true},"12":{"name":"(anonymous_12)","line":315,"loc":{"start":{"line":315,"column":32},"end":{"line":315,"column":61}},"skip":true}},"statementMap":{"1":{"start":{"line":26,"column":0},"end":{"line":326,"column":5}},"2":{"start":{"line":28,"column":4},"end":{"line":28,"column":14}},"3":{"start":{"line":33,"column":4},"end":{"line":60,"column":9}},"4":{"start":{"line":35,"column":8},"end":{"line":35,"column":19}},"5":{"start":{"line":37,"column":8},"end":{"line":49,"column":13}},"6":{"start":{"line":38,"column":12},"end":{"line":48,"column":13}},"7":{"start":{"line":39,"column":16},"end":{"line":42,"column":30}},"8":{"start":{"line":44,"column":16},"end":{"line":47,"column":27}},"9":{"start":{"line":51,"column":8},"end":{"line":53,"column":21}},"10":{"start":{"line":55,"column":8},"end":{"line":57,"column":45}},"11":{"start":{"line":59,"column":8},"end":{"line":59,"column":35}},"12":{"start":{"line":61,"column":4},"end":{"line":325,"column":5}},"13":{"start":{"line":69,"column":8},"end":{"line":121,"column":10},"skip":true},"14":{"start":{"line":70,"column":12},"end":{"line":88,"column":13},"skip":true},"15":{"start":{"line":76,"column":16},"end":{"line":87,"column":19},"skip":true},"16":{"start":{"line":79,"column":20},"end":{"line":86,"column":21},"skip":true},"17":{"start":{"line":82,"column":24},"end":{"line":82,"column":43},"skip":true},"18":{"start":{"line":83,"column":24},"end":{"line":83,"column":30},"skip":true},"19":{"start":{"line":85,"column":24},"end":{"line":85,"column":49},"skip":true},"20":{"start":{"line":89,"column":12},"end":{"line":107,"column":13},"skip":true},"21":{"start":{"line":92,"column":16},"end":{"line":102,"column":17},"skip":true},"22":{"start":{"line":93,"column":20},"end":{"line":93,"column":86},"skip":true},"23":{"start":{"line":94,"column":20},"end":{"line":95,"column":45},"skip":true},"24":{"start":{"line":96,"column":20},"end":{"line":96,"column":42},"skip":true},"25":{"start":{"line":97,"column":20},"end":{"line":97,"column":48},"skip":true},"26":{"start":{"line":100,"column":20},"end":{"line":100,"column":85},"skip":true},"27":{"start":{"line":101,"column":20},"end":{"line":101,"column":96},"skip":true},"28":{"start":{"line":103,"column":16},"end":{"line":103,"column":22},"skip":true},"29":{"start":{"line":106,"column":16},"end":{"line":106,"column":22},"skip":true},"30":{"start":{"line":108,"column":12},"end":{"line":120,"column":13},"skip":true},"31":{"start":{"line":114,"column":16},"end":{"line":119,"column":17},"skip":true},"32":{"start":{"line":116,"column":20},"end":{"line":116,"column":78},"skip":true},"33":{"start":{"line":118,"column":20},"end":{"line":118,"column":47},"skip":true},"34":{"start":{"line":123,"column":8},"end":{"line":141,"column":11},"skip":true},"35":{"start":{"line":124,"column":12},"end":{"line":124,"column":54},"skip":true},"36":{"start":{"line":125,"column":12},"end":{"line":140,"column":14},"skip":true},"37":{"start":{"line":126,"column":16},"end":{"line":126,"column":28},"skip":true},"38":{"start":{"line":127,"column":16},"end":{"line":127,"column":69},"skip":true},"39":{"start":{"line":128,"column":16},"end":{"line":128,"column":75},"skip":true},"40":{"start":{"line":129,"column":16},"end":{"line":131,"column":17},"skip":true},"41":{"start":{"line":130,"column":20},"end":{"line":130,"column":27},"skip":true},"42":{"start":{"line":133,"column":16},"end":{"line":137,"column":36},"skip":true},"43":{"start":{"line":134,"column":20},"end":{"line":136,"column":55},"skip":true},"44":{"start":{"line":139,"column":16},"end":{"line":139,"column":57},"skip":true},"45":{"start":{"line":143,"column":8},"end":{"line":147,"column":11},"skip":true},"46":{"start":{"line":144,"column":12},"end":{"line":146,"column":15},"skip":true},"47":{"start":{"line":145,"column":16},"end":{"line":145,"column":70},"skip":true},"48":{"start":{"line":149,"column":8},"end":{"line":149,"column":31},"skip":true},"49":{"start":{"line":150,"column":8},"end":{"line":150,"column":14},"skip":true},"50":{"start":{"line":158,"column":8},"end":{"line":158,"column":31},"skip":true},"51":{"start":{"line":160,"column":8},"end":{"line":160,"column":33},"skip":true},"52":{"start":{"line":161,"column":8},"end":{"line":161,"column":37},"skip":true},"53":{"start":{"line":162,"column":8},"end":{"line":162,"column":35},"skip":true},"54":{"start":{"line":164,"column":8},"end":{"line":164,"column":50},"skip":true},"55":{"start":{"line":166,"column":8},"end":{"line":256,"column":2},"skip":true},"56":{"start":{"line":258,"column":8},"end":{"line":286,"column":9},"skip":true},"57":{"start":{"line":259,"column":12},"end":{"line":269,"column":14},"skip":true},"58":{"start":{"line":271,"column":12},"end":{"line":285,"column":19},"skip":true},"59":{"start":{"line":274,"column":20},"end":{"line":274,"column":35},"skip":true},"60":{"start":{"line":275,"column":20},"end":{"line":284,"column":21},"skip":true},"61":{"start":{"line":277,"column":24},"end":{"line":277,"column":64},"skip":true},"62":{"start":{"line":279,"column":24},"end":{"line":279,"column":40},"skip":true},"63":{"start":{"line":281,"column":24},"end":{"line":281,"column":40},"skip":true},"64":{"start":{"line":283,"column":24},"end":{"line":283,"column":39},"skip":true},"65":{"start":{"line":288,"column":8},"end":{"line":290,"column":9},"skip":true},"66":{"start":{"line":289,"column":12},"end":{"line":289,"column":18},"skip":true},"67":{"start":{"line":291,"column":8},"end":{"line":293,"column":54},"skip":true},"68":{"start":{"line":296,"column":8},"end":{"line":301,"column":37},"skip":true},"69":{"start":{"line":303,"column":8},"end":{"line":303,"column":82},"skip":true},"70":{"start":{"line":306,"column":8},"end":{"line":308,"column":9},"skip":true},"71":{"start":{"line":307,"column":12},"end":{"line":307,"column":82},"skip":true},"72":{"start":{"line":310,"column":8},"end":{"line":312,"column":9},"skip":true},"73":{"start":{"line":311,"column":12},"end":{"line":311,"column":18},"skip":true},"74":{"start":{"line":313,"column":8},"end":{"line":313,"column":54},"skip":true},"75":{"start":{"line":314,"column":8},"end":{"line":314,"column":69},"skip":true},"76":{"start":{"line":315,"column":8},"end":{"line":323,"column":36},"skip":true},"77":{"start":{"line":316,"column":12},"end":{"line":316,"column":61},"skip":true},"78":{"start":{"line":317,"column":12},"end":{"line":320,"column":13},"skip":true},"79":{"start":{"line":318,"column":16},"end":{"line":318,"column":75},"skip":true},"80":{"start":{"line":319,"column":16},"end":{"line":319,"column":23},"skip":true},"81":{"start":{"line":321,"column":12},"end":{"line":321,"column":38},"skip":true},"82":{"start":{"line":322,"column":12},"end":{"line":322,"column":27},"skip":true},"83":{"start":{"line":324,"column":8},"end":{"line":324,"column":14},"skip":true}},"branchMap":{"1":{"line":39,"type":"binary-expr","locations":[{"start":{"line":39,"column":23},"end":{"line":39,"column":62}},{"start":{"line":40,"column":20},"end":{"line":40,"column":70}},{"start":{"line":41,"column":20},"end":{"line":41,"column":71}},{"start":{"line":42,"column":20},"end":{"line":42,"column":29}}]},"2":{"line":44,"type":"binary-expr","locations":[{"start":{"line":44,"column":23},"end":{"line":44,"column":37}},{"start":{"line":45,"column":20},"end":{"line":45,"column":61}},{"start":{"line":46,"column":20},"end":{"line":46,"column":70}},{"start":{"line":47,"column":20},"end":{"line":47,"column":26}}]},"3":{"line":51,"type":"cond-expr","locations":[{"start":{"line":52,"column":14},"end":{"line":52,"column":20}},{"start":{"line":53,"column":14},"end":{"line":53,"column":20}}]},"4":{"line":55,"type":"binary-expr","locations":[{"start":{"line":55,"column":16},"end":{"line":55,"column":44}},{"start":{"line":55,"column":49},"end":{"line":57,"column":43}}]},"5":{"line":55,"type":"cond-expr","locations":[{"start":{"line":56,"column":14},"end":{"line":56,"column":63}},{"start":{"line":57,"column":14},"end":{"line":57,"column":43}}]},"6":{"line":61,"type":"switch","locations":[{"start":{"line":68,"column":4},"end":{"line":150,"column":14},"skip":true},{"start":{"line":156,"column":4},"end":{"line":324,"column":14},"skip":true}]},"7":{"line":70,"type":"if","locations":[{"start":{"line":70,"column":12},"end":{"line":70,"column":12},"skip":true},{"start":{"line":70,"column":12},"end":{"line":70,"column":12},"skip":true}]},"8":{"line":70,"type":"binary-expr","locations":[{"start":{"line":70,"column":16},"end":{"line":70,"column":22},"skip":true},{"start":{"line":70,"column":27},"end":{"line":70,"column":32},"skip":true},{"start":{"line":71,"column":20},"end":{"line":71,"column":39},"skip":true},{"start":{"line":72,"column":20},"end":{"line":72,"column":49},"skip":true},{"start":{"line":73,"column":20},"end":{"line":73,"column":58},"skip":true},{"start":{"line":74,"column":20},"end":{"line":74,"column":69},"skip":true}]},"9":{"line":79,"type":"switch","locations":[{"start":{"line":80,"column":20},"end":{"line":80,"column":33},"skip":true},{"start":{"line":81,"column":20},"end":{"line":83,"column":30},"skip":true},{"start":{"line":84,"column":20},"end":{"line":85,"column":49},"skip":true}]},"10":{"line":89,"type":"switch","locations":[{"start":{"line":90,"column":12},"end":{"line":103,"column":22},"skip":true},{"start":{"line":105,"column":12},"end":{"line":106,"column":22},"skip":true}]},"11":{"line":89,"type":"binary-expr","locations":[{"start":{"line":89,"column":20},"end":{"line":89,"column":25},"skip":true},{"start":{"line":89,"column":29},"end":{"line":89,"column":48},"skip":true},{"start":{"line":89,"column":52},"end":{"line":89,"column":74},"skip":true}]},"12":{"line":92,"type":"if","locations":[{"start":{"line":92,"column":16},"end":{"line":92,"column":16},"skip":true},{"start":{"line":92,"column":16},"end":{"line":92,"column":16},"skip":true}]},"13":{"line":108,"type":"if","locations":[{"start":{"line":108,"column":12},"end":{"line":108,"column":12},"skip":true},{"start":{"line":108,"column":12},"end":{"line":108,"column":12},"skip":true}]},"14":{"line":108,"type":"binary-expr","locations":[{"start":{"line":108,"column":16},"end":{"line":108,"column":61},"skip":true},{"start":{"line":108,"column":66},"end":{"line":108,"column":72},"skip":true},{"start":{"line":108,"column":77},"end":{"line":108,"column":82},"skip":true},{"start":{"line":109,"column":20},"end":{"line":109,"column":39},"skip":true},{"start":{"line":110,"column":20},"end":{"line":110,"column":49},"skip":true},{"start":{"line":111,"column":20},"end":{"line":111,"column":58},"skip":true},{"start":{"line":112,"column":20},"end":{"line":112,"column":68},"skip":true}]},"15":{"line":129,"type":"if","locations":[{"start":{"line":129,"column":16},"end":{"line":129,"column":16},"skip":true},{"start":{"line":129,"column":16},"end":{"line":129,"column":16},"skip":true}]},"16":{"line":134,"type":"cond-expr","locations":[{"start":{"line":135,"column":26},"end":{"line":135,"column":29},"skip":true},{"start":{"line":136,"column":26},"end":{"line":136,"column":54},"skip":true}]},"17":{"line":164,"type":"binary-expr","locations":[{"start":{"line":164,"column":27},"end":{"line":164,"column":43},"skip":true},{"start":{"line":164,"column":47},"end":{"line":164,"column":49},"skip":true}]},"18":{"line":258,"type":"if","locations":[{"start":{"line":258,"column":8},"end":{"line":258,"column":8},"skip":true},{"start":{"line":258,"column":8},"end":{"line":258,"column":8},"skip":true}]},"19":{"line":275,"type":"switch","locations":[{"start":{"line":276,"column":20},"end":{"line":277,"column":64},"skip":true},{"start":{"line":278,"column":20},"end":{"line":279,"column":40},"skip":true},{"start":{"line":280,"column":20},"end":{"line":281,"column":40},"skip":true},{"start":{"line":282,"column":20},"end":{"line":283,"column":39},"skip":true}]},"20":{"line":288,"type":"if","locations":[{"start":{"line":288,"column":8},"end":{"line":288,"column":8},"skip":true},{"start":{"line":288,"column":8},"end":{"line":288,"column":8},"skip":true}]},"21":{"line":288,"type":"binary-expr","locations":[{"start":{"line":288,"column":12},"end":{"line":288,"column":40},"skip":true},{"start":{"line":288,"column":44},"end":{"line":288,"column":67},"skip":true}]},"22":{"line":292,"type":"binary-expr","locations":[{"start":{"line":292,"column":12},"end":{"line":292,"column":50},"skip":true},{"start":{"line":293,"column":12},"end":{"line":293,"column":53},"skip":true}]},"23":{"line":297,"type":"binary-expr","locations":[{"start":{"line":297,"column":12},"end":{"line":297,"column":77},"skip":true},{"start":{"line":298,"column":12},"end":{"line":301,"column":36},"skip":true}]},"24":{"line":303,"type":"binary-expr","locations":[{"start":{"line":303,"column":43},"end":{"line":303,"column":75},"skip":true},{"start":{"line":303,"column":79},"end":{"line":303,"column":81},"skip":true}]},"25":{"line":306,"type":"if","locations":[{"start":{"line":306,"column":8},"end":{"line":306,"column":8},"skip":true},{"start":{"line":306,"column":8},"end":{"line":306,"column":8},"skip":true}]},"26":{"line":310,"type":"if","locations":[{"start":{"line":310,"column":8},"end":{"line":310,"column":8},"skip":true},{"start":{"line":310,"column":8},"end":{"line":310,"column":8},"skip":true}]},"27":{"line":313,"type":"binary-expr","locations":[{"start":{"line":313,"column":27},"end":{"line":313,"column":43},"skip":true},{"start":{"line":313,"column":47},"end":{"line":313,"column":53},"skip":true}]},"28":{"line":317,"type":"if","locations":[{"start":{"line":317,"column":12},"end":{"line":317,"column":12},"skip":true},{"start":{"line":317,"column":12},"end":{"line":317,"column":12},"skip":true}]}},"code":["/*","example.js","","quickstart example","","instruction","    1. save this script as example.js","    2. run the shell command:","        $ npm install npmtest-angular-smart-table && PORT=8081 node example.js","    3. play with the browser-demo on http://127.0.0.1:8081","*/","","","","/* istanbul instrument in package npmtest_angular_smart_table */","/*jslint","    bitwise: true,","    browser: true,","    maxerr: 8,","    maxlen: 96,","    node: true,","    nomen: true,","    regexp: true,","    stupid: true","*/","(function () {","    'use strict';","    var local;","","","","    // run shared js-env code - pre-init","    (function () {","        // init local","        local = {};","        // init modeJs","        local.modeJs = (function () {","            try {","                return typeof navigator.userAgent === 'string' &&","                    typeof document.querySelector('body') === 'object' &&","                    typeof XMLHttpRequest.prototype.open === 'function' &&","                    'browser';","            } catch (errorCaughtBrowser) {","                return module.exports &&","                    typeof process.versions.node === 'string' &&","                    typeof require('http').createServer === 'function' &&","                    'node';","            }","        }());","        // init global","        local.global = local.modeJs === 'browser'","            ? window","            : global;","        // init utility2_rollup","        local = local.global.utility2_rollup || (local.modeJs === 'browser'","            ? local.global.utility2_npmtest_angular_smart_table","            : global.utility2_moduleExports);","        // export local","        local.global.local = local;","    }());","    switch (local.modeJs) {","","","","    // post-init","    // run browser js-env code - post-init","    /* istanbul ignore next */","    case 'browser':","        local.testRunBrowser = function (event) {","            if (!event || (event &&","                    event.currentTarget &&","                    event.currentTarget.className &&","                    event.currentTarget.className.includes &&","                    event.currentTarget.className.includes('onreset'))) {","                // reset output","                Array.from(","                    document.querySelectorAll('body > .resettable')","                ).forEach(function (element) {","                    switch (element.tagName) {","                    case 'INPUT':","                    case 'TEXTAREA':","                        element.value = '';","                        break;","                    default:","                        element.textContent = '';","                    }","                });","            }","            switch (event && event.currentTarget && event.currentTarget.id) {","            case 'testRunButton1':","                // show tests","                if (document.querySelector('#testReportDiv1').style.display === 'none') {","                    document.querySelector('#testReportDiv1').style.display = 'block';","                    document.querySelector('#testRunButton1').textContent =","                        'hide internal test';","                    local.modeTest = true;","                    local.testRunDefault(local);","                // hide tests","                } else {","                    document.querySelector('#testReportDiv1').style.display = 'none';","                    document.querySelector('#testRunButton1').textContent = 'run internal test';","                }","                break;","            // custom-case","            default:","                break;","            }","            if (document.querySelector('#inputTextareaEval1') && (!event || (event &&","                    event.currentTarget &&","                    event.currentTarget.className &&","                    event.currentTarget.className.includes &&","                    event.currentTarget.className.includes('oneval')))) {","                // try to eval input-code","                try {","                    /*jslint evil: true*/","                    eval(document.querySelector('#inputTextareaEval1').value);","                } catch (errorCaught) {","                    console.error(errorCaught);","                }","            }","        };","        // log stderr and stdout to #outputTextareaStdout1","        ['error', 'log'].forEach(function (key) {","            console[key + '_original'] = console[key];","            console[key] = function () {","                var element;","                console[key + '_original'].apply(console, arguments);","                element = document.querySelector('#outputTextareaStdout1');","                if (!element) {","                    return;","                }","                // append text to #outputTextareaStdout1","                element.value += Array.from(arguments).map(function (arg) {","                    return typeof arg === 'string'","                        ? arg","                        : JSON.stringify(arg, null, 4);","                }).join(' ') + '\\n';","                // scroll textarea to bottom","                element.scrollTop = element.scrollHeight;","            };","        });","        // init event-handling","        ['change', 'click', 'keyup'].forEach(function (event) {","            Array.from(document.querySelectorAll('.on' + event)).forEach(function (element) {","                element.addEventListener(event, local.testRunBrowser);","            });","        });","        // run tests","        local.testRunBrowser();","        break;","","","","    // run node js-env code - post-init","    /* istanbul ignore next */","    case 'node':","        // export local","        module.exports = local;","        // require modules","        local.fs = require('fs');","        local.http = require('http');","        local.url = require('url');","        // init assets","        local.assetsDict = local.assetsDict || {};","        /* jslint-ignore-begin */","        local.assetsDict['/assets.index.template.html'] = '\\","<!doctype html>\\n\\","<html lang=\"en\">\\n\\","<head>\\n\\","<meta charset=\"UTF-8\">\\n\\","<meta name=\"viewport\" content=\"width=device-width, initial-scale=1\">\\n\\","<title>{{env.npm_package_name}} (v{{env.npm_package_version}})</title>\\n\\","<style>\\n\\","/*csslint\\n\\","    box-sizing: false,\\n\\","    universal-selector: false\\n\\","*/\\n\\","* {\\n\\","    box-sizing: border-box;\\n\\","}\\n\\","body {\\n\\","    background: #dde;\\n\\","    font-family: Arial, Helvetica, sans-serif;\\n\\","    margin: 2rem;\\n\\","}\\n\\","body > * {\\n\\","    margin-bottom: 1rem;\\n\\","}\\n\\",".utility2FooterDiv {\\n\\","    margin-top: 20px;\\n\\","    text-align: center;\\n\\","}\\n\\","</style>\\n\\","<style>\\n\\","/*csslint\\n\\","*/\\n\\","textarea {\\n\\","    font-family: monospace;\\n\\","    height: 10rem;\\n\\","    width: 100%;\\n\\","}\\n\\","textarea[readonly] {\\n\\","    background: #ddd;\\n\\","}\\n\\","</style>\\n\\","</head>\\n\\","<body>\\n\\","<!-- utility2-comment\\n\\","<div id=\"ajaxProgressDiv1\" style=\"background: #d00; height: 2px; left: 0; margin: 0; padding: 0; position: fixed; top: 0; transition: background 0.5s, width 1.5s; width: 25%;\"></div>\\n\\","utility2-comment -->\\n\\","<h1>\\n\\","<!-- utility2-comment\\n\\","    <a\\n\\","        {{#if env.npm_package_homepage}}\\n\\","        href=\"{{env.npm_package_homepage}}\"\\n\\","        {{/if env.npm_package_homepage}}\\n\\","        target=\"_blank\"\\n\\","    >\\n\\","utility2-comment -->\\n\\","        {{env.npm_package_name}} (v{{env.npm_package_version}})\\n\\","<!-- utility2-comment\\n\\","    </a>\\n\\","utility2-comment -->\\n\\","</h1>\\n\\","<h3>{{env.npm_package_description}}</h3>\\n\\","<!-- utility2-comment\\n\\","<h4><a download href=\"assets.app.js\">download standalone app</a></h4>\\n\\","<button class=\"onclick onreset\" id=\"testRunButton1\">run internal test</button><br>\\n\\","<div id=\"testReportDiv1\" style=\"display: none;\"></div>\\n\\","utility2-comment -->\\n\\","\\n\\","\\n\\","\\n\\","<label>stderr and stdout</label>\\n\\","<textarea class=\"resettable\" id=\"outputTextareaStdout1\" readonly></textarea>\\n\\","<!-- utility2-comment\\n\\","{{#if isRollup}}\\n\\","<script src=\"assets.app.js\"></script>\\n\\","{{#unless isRollup}}\\n\\","utility2-comment -->\\n\\","<script src=\"assets.utility2.rollup.js\"></script>\\n\\","<script src=\"jsonp.utility2._stateInit?callback=window.utility2._stateInit\"></script>\\n\\","<script src=\"assets.npmtest_angular_smart_table.rollup.js\"></script>\\n\\","<script src=\"assets.example.js\"></script>\\n\\","<script src=\"assets.test.js\"></script>\\n\\","<!-- utility2-comment\\n\\","{{/if isRollup}}\\n\\","utility2-comment -->\\n\\","<div class=\"utility2FooterDiv\">\\n\\","    [ this app was created with\\n\\","    <a href=\"https://github.com/kaizhu256/node-utility2\" target=\"_blank\">utility2</a>\\n\\","    ]\\n\\","</div>\\n\\","</body>\\n\\","</html>\\n\\","';","        /* jslint-ignore-end */","        if (local.templateRender) {","            local.assetsDict['/'] = local.templateRender(","                local.assetsDict['/assets.index.template.html'],","                {","                    env: local.objectSetDefault(local.env, {","                        npm_package_description: 'the greatest app in the world!',","                        npm_package_name: 'my-app',","                        npm_package_nameAlias: 'my_app',","                        npm_package_version: '0.0.1'","                    })","                }","            );","        } else {","            local.assetsDict['/'] = local.assetsDict['/assets.index.template.html']","                .replace((/\\{\\{env\\.(\\w+?)\\}\\}/g), function (match0, match1) {","                    // jslint-hack","                    String(match0);","                    switch (match1) {","                    case 'npm_package_description':","                        return 'the greatest app in the world!';","                    case 'npm_package_name':","                        return 'my-app';","                    case 'npm_package_nameAlias':","                        return 'my_app';","                    case 'npm_package_version':","                        return '0.0.1';","                    }","                });","        }","        // run the cli","        if (local.global.utility2_rollup || module !== require.main) {","            break;","        }","        local.assetsDict['/assets.example.js'] =","            local.assetsDict['/assets.example.js'] ||","            local.fs.readFileSync(__filename, 'utf8');","        // bug-workaround - long $npm_package_buildCustomOrg","        /* jslint-ignore-begin */","        local.assetsDict['/assets.npmtest_angular_smart_table.rollup.js'] =","            local.assetsDict['/assets.npmtest_angular_smart_table.rollup.js'] ||","            local.fs.readFileSync(","                local.npmtest_angular_smart_table.__dirname + '/lib.npmtest_angular_smart_table.js',","                'utf8'","            ).replace((/^#!/), '//');","        /* jslint-ignore-end */","        local.assetsDict['/favicon.ico'] = local.assetsDict['/favicon.ico'] || '';","        // if $npm_config_timeout_exit exists,","        // then exit this process after $npm_config_timeout_exit ms","        if (Number(process.env.npm_config_timeout_exit)) {","            setTimeout(process.exit, Number(process.env.npm_config_timeout_exit));","        }","        // start server","        if (local.global.utility2_serverHttp1) {","            break;","        }","        process.env.PORT = process.env.PORT || '8081';","        console.error('server starting on port ' + process.env.PORT);","        local.http.createServer(function (request, response) {","            request.urlParsed = local.url.parse(request.url);","            if (local.assetsDict[request.urlParsed.pathname] !== undefined) {","                response.end(local.assetsDict[request.urlParsed.pathname]);","                return;","            }","            response.statusCode = 404;","            response.end();","        }).listen(process.env.PORT);","        break;","    }","}());",""],"l":{"26":2,"28":2,"33":2,"35":2,"37":2,"38":2,"39":2,"44":1,"51":2,"55":2,"59":2,"61":2,"69":1,"70":2,"76":2,"79":2,"82":2,"83":2,"85":1,"89":2,"92":1,"93":1,"94":1,"96":1,"97":1,"100":1,"101":1,"103":1,"106":1,"108":2,"114":1,"116":1,"118":1,"123":1,"124":2,"125":2,"126":3,"127":3,"128":3,"129":3,"130":1,"133":3,"134":3,"139":3,"143":1,"144":3,"145":1,"149":1,"150":1,"158":1,"160":1,"161":1,"162":1,"164":1,"166":1,"258":1,"259":1,"271":1,"274":6,"275":6,"277":1,"279":2,"281":1,"283":2,"288":1,"289":1,"291":1,"296":1,"303":1,"306":1,"307":1,"310":1,"311":1,"313":1,"314":1,"315":1,"316":1,"317":1,"318":1,"319":1,"321":1,"322":1,"324":1}},"/home/travis/build/npmtest/node-npmtest-angular-smart-table/node_modules/angular-smart-table/index.js":{"path":"/home/travis/build/npmtest/node-npmtest-angular-smart-table/node_modules/angular-smart-table/index.js","s":{"1":2,"2":0},"b":{},"f":{},"fnMap":{},"statementMap":{"1":{"start":{"line":1,"column":0},"end":{"line":1,"column":33}},"2":{"start":{"line":2,"column":0},"end":{"line":2,"column":31}}},"branchMap":{},"code":["require('./dist/smart-table.js');","module.exports = 'smart-table';"],"l":{"1":2,"2":0}},"/home/travis/build/npmtest/node-npmtest-angular-smart-table/node_modules/angular-smart-table/dist/smart-table.js":{"path":"/home/travis/build/npmtest/node-npmtest-angular-smart-table/node_modules/angular-smart-table/dist/smart-table.js","s":{"1":2,"2":0,"3":0,"4":0,"5":0,"6":0,"7":0,"8":0,"9":0,"10":0,"11":0,"12":0,"13":0,"14":0,"15":0,"16":0,"17":0,"18":1,"19":0,"20":1,"21":0,"22":0,"23":0,"24":1,"25":0,"26":0,"27":0,"28":0,"29":0,"30":0,"31":0,"32":0,"33":0,"34":0,"35":0,"36":0,"37":0,"38":0,"39":0,"40":0,"41":0,"42":0,"43":0,"44":0,"45":0,"46":0,"47":0,"48":0,"49":0,"50":0,"51":0,"52":0,"53":0,"54":0,"55":0,"56":0,"57":0,"58":0,"59":0,"60":0,"61":0,"62":0,"63":0,"64":0,"65":0,"66":0,"67":0,"68":0,"69":0,"70":0,"71":0,"72":0,"73":0,"74":0,"75":0,"76":0,"77":0,"78":0,"79":0,"80":0,"81":0,"82":0,"83":0,"84":0,"85":0,"86":0,"87":0,"88":0,"89":0,"90":0,"91":0,"92":0,"93":0,"94":0,"95":0,"96":0,"97":0,"98":0,"99":0,"100":0,"101":0,"102":0,"103":0,"104":0,"105":0,"106":0,"107":0,"108":0,"109":0,"110":0,"111":0,"112":0,"113":0,"114":0,"115":0,"116":0,"117":0,"118":0,"119":0,"120":0,"121":0,"122":0,"123":0,"124":0,"125":0,"126":0,"127":0,"128":0,"129":0,"130":0,"131":0,"132":0,"133":0,"134":0,"135":0,"136":0,"137":0,"138":0,"139":0,"140":0,"141":0,"142":0,"143":0,"144":0,"145":0,"146":0,"147":0,"148":0,"149":0,"150":0,"151":0,"152":0,"153":0,"154":0,"155":0,"156":0,"157":0,"158":1,"159":0,"160":0,"161":0,"162":0,"163":0,"164":0,"165":0,"166":0,"167":0,"168":0,"169":0,"170":0,"171":0,"172":0,"173":0,"174":0,"175":0,"176":0,"177":0,"178":0,"179":0,"180":0,"181":0,"182":0,"183":0,"184":0,"185":0,"186":0,"187":0,"188":0,"189":0,"190":0,"191":0,"192":0,"193":0,"194":0,"195":0,"196":0,"197":1,"198":0,"199":0,"200":0,"201":0,"202":0,"203":0,"204":0,"205":0,"206":0,"207":0,"208":0,"209":0,"210":0,"211":0,"212":0,"213":0,"214":0,"215":0,"216":0,"217":0,"218":0,"219":0,"220":0,"221":0,"222":0,"223":0,"224":0,"225":0,"226":0,"227":0,"228":0,"229":0,"230":0,"231":0,"232":0,"233":0,"234":0,"235":0,"236":0,"237":0,"238":0},"b":{"1":[0,0],"2":[0,0],"3":[0,0],"4":[0,0],"5":[0,0],"6":[0,0],"7":[0,0],"8":[0,0],"9":[0,0],"10":[0,0],"11":[0,0],"12":[0,0],"13":[0,0],"14":[0,0],"15":[0,0],"16":[0,0],"17":[0,0],"18":[0,0],"19":[0,0],"20":[0,0],"21":[0,0],"22":[0,0],"23":[0,0],"24":[0,0],"25":[0,0],"26":[0,0],"27":[0,0],"28":[0,0],"29":[0,0],"30":[0,0],"31":[0,0],"32":[0,0],"33":[0,0],"34":[0,0],"35":[0,0],"36":[0,0],"37":[0,0],"38":[0,0],"39":[0,0],"40":[0,0],"41":[0,0],"42":[0,0],"43":[0,0],"44":[0,0],"45":[0,0],"46":[0,0],"47":[0,0],"48":[0,0],"49":[0,0],"50":[0,0],"51":[0,0],"52":[0,0],"53":[0,0],"54":[0,0],"55":[0,0],"56":[0,0],"57":[0,0],"58":[0,0],"59":[0,0],"60":[0,0],"61":[0,0],"62":[0,0],"63":[0,0],"64":[0,0],"65":[0,0],"66":[0,0],"67":[0,0],"68":[0,0],"69":[0,0],"70":[0,0],"71":[0,0],"72":[0,0],"73":[0,0]},"f":{"1":0,"2":0,"3":0,"4":0,"5":0,"6":0,"7":0,"8":0,"9":0,"10":0,"11":0,"12":0,"13":0,"14":0,"15":0,"16":0,"17":0,"18":0,"19":0,"20":0,"21":0,"22":0,"23":0,"24":0,"25":0,"26":0,"27":0,"28":0,"29":0,"30":0,"31":0,"32":0,"33":0,"34":0,"35":0,"36":0,"37":0,"38":0,"39":0,"40":0,"41":0,"42":0,"43":0,"44":0,"45":0,"46":0,"47":0,"48":0,"49":0,"50":0,"51":0,"52":0,"53":0,"54":0},"fnMap":{"1":{"name":"(anonymous_1)","line":5,"loc":{"start":{"line":5,"column":1},"end":{"line":5,"column":25}}},"2":{"name":"(anonymous_2)","line":8,"loc":{"start":{"line":8,"column":52},"end":{"line":8,"column":78}}},"3":{"name":"StTableController","line":43,"loc":{"start":{"line":43,"column":77},"end":{"line":43,"column":138}}},"4":{"name":"copyRefs","line":64,"loc":{"start":{"line":64,"column":4},"end":{"line":64,"column":28}}},"5":{"name":"updateSafeCopy","line":68,"loc":{"start":{"line":68,"column":4},"end":{"line":68,"column":31}}},"6":{"name":"deepDelete","line":75,"loc":{"start":{"line":75,"column":4},"end":{"line":75,"column":39}}},"7":{"name":"(anonymous_7)","line":92,"loc":{"start":{"line":92,"column":20},"end":{"line":92,"column":32}}},"8":{"name":"(anonymous_8)","line":95,"loc":{"start":{"line":95,"column":9},"end":{"line":95,"column":39}}},"9":{"name":"(anonymous_9)","line":100,"loc":{"start":{"line":100,"column":20},"end":{"line":100,"column":32}}},"10":{"name":"(anonymous_10)","line":103,"loc":{"start":{"line":103,"column":9},"end":{"line":103,"column":39}}},"11":{"name":"(anonymous_11)","line":108,"loc":{"start":{"line":108,"column":20},"end":{"line":108,"column":32}}},"12":{"name":"(anonymous_12)","line":110,"loc":{"start":{"line":110,"column":9},"end":{"line":110,"column":39}}},"13":{"name":"sortBy","line":123,"loc":{"start":{"line":123,"column":18},"end":{"line":123,"column":55}}},"14":{"name":"search","line":142,"loc":{"start":{"line":142,"column":18},"end":{"line":142,"column":53}}},"15":{"name":"pipe","line":160,"loc":{"start":{"line":160,"column":16},"end":{"line":160,"column":33}}},"16":{"name":"select","line":181,"loc":{"start":{"line":181,"column":18},"end":{"line":181,"column":46}}},"17":{"name":"splice","line":203,"loc":{"start":{"line":203,"column":17},"end":{"line":203,"column":49}}},"18":{"name":"getTableState","line":213,"loc":{"start":{"line":213,"column":22},"end":{"line":213,"column":48}}},"19":{"name":"getFilteredCollection","line":217,"loc":{"start":{"line":217,"column":33},"end":{"line":217,"column":67}}},"20":{"name":"setFilterFunction","line":225,"loc":{"start":{"line":225,"column":29},"end":{"line":225,"column":69}}},"21":{"name":"setSortFunction","line":233,"loc":{"start":{"line":233,"column":27},"end":{"line":233,"column":71}}},"22":{"name":"preventPipe","line":241,"loc":{"start":{"line":241,"column":30},"end":{"line":241,"column":54}}},"23":{"name":"(anonymous_23)","line":245,"loc":{"start":{"line":245,"column":24},"end":{"line":245,"column":36}}},"24":{"name":"(anonymous_24)","line":249,"loc":{"start":{"line":249,"column":12},"end":{"line":249,"column":50}}},"25":{"name":"(anonymous_25)","line":263,"loc":{"start":{"line":263,"column":59},"end":{"line":263,"column":97}}},"26":{"name":"(anonymous_26)","line":266,"loc":{"start":{"line":266,"column":12},"end":{"line":266,"column":50}}},"27":{"name":"(anonymous_27)","line":272,"loc":{"start":{"line":272,"column":34},"end":{"line":272,"column":64}}},"28":{"name":"(anonymous_28)","line":281,"loc":{"start":{"line":281,"column":21},"end":{"line":281,"column":33}}},"29":{"name":"(anonymous_29)","line":283,"loc":{"start":{"line":283,"column":11},"end":{"line":283,"column":41}}},"30":{"name":"(anonymous_30)","line":291,"loc":{"start":{"line":291,"column":28},"end":{"line":291,"column":43}}},"31":{"name":"(anonymous_31)","line":297,"loc":{"start":{"line":297,"column":29},"end":{"line":297,"column":41}}},"32":{"name":"(anonymous_32)","line":307,"loc":{"start":{"line":307,"column":41},"end":{"line":307,"column":61}}},"33":{"name":"(anonymous_33)","line":314,"loc":{"start":{"line":314,"column":12},"end":{"line":314,"column":50}}},"34":{"name":"(anonymous_34)","line":316,"loc":{"start":{"line":316,"column":30},"end":{"line":316,"column":42}}},"35":{"name":"(anonymous_35)","line":317,"loc":{"start":{"line":317,"column":23},"end":{"line":317,"column":35}}},"36":{"name":"(anonymous_36)","line":322,"loc":{"start":{"line":322,"column":39},"end":{"line":322,"column":59}}},"37":{"name":"(anonymous_37)","line":334,"loc":{"start":{"line":334,"column":58},"end":{"line":334,"column":96}}},"38":{"name":"(anonymous_38)","line":338,"loc":{"start":{"line":338,"column":12},"end":{"line":338,"column":50}}},"39":{"name":"sort","line":357,"loc":{"start":{"line":357,"column":8},"end":{"line":357,"column":25}}},"40":{"name":"sortClick","line":385,"loc":{"start":{"line":385,"column":30},"end":{"line":385,"column":52}}},"41":{"name":"(anonymous_41)","line":397,"loc":{"start":{"line":397,"column":21},"end":{"line":397,"column":33}}},"42":{"name":"(anonymous_42)","line":399,"loc":{"start":{"line":399,"column":11},"end":{"line":399,"column":31}}},"43":{"name":"(anonymous_43)","line":417,"loc":{"start":{"line":417,"column":42},"end":{"line":417,"column":62}}},"44":{"name":"(anonymous_44)","line":426,"loc":{"start":{"line":426,"column":19},"end":{"line":426,"column":45}}},"45":{"name":"(anonymous_45)","line":432,"loc":{"start":{"line":432,"column":12},"end":{"line":432,"column":51}}},"46":{"name":"redraw","line":440,"loc":{"start":{"line":440,"column":8},"end":{"line":440,"column":27}}},"47":{"name":"(anonymous_47)","line":470,"loc":{"start":{"line":470,"column":21},"end":{"line":470,"column":33}}},"48":{"name":"(anonymous_48)","line":475,"loc":{"start":{"line":475,"column":38},"end":{"line":475,"column":68}}},"49":{"name":"(anonymous_49)","line":484,"loc":{"start":{"line":484,"column":27},"end":{"line":484,"column":43}}},"50":{"name":"(anonymous_50)","line":498,"loc":{"start":{"line":498,"column":48},"end":{"line":498,"column":76}}},"51":{"name":"(anonymous_51)","line":506,"loc":{"start":{"line":506,"column":13},"end":{"line":506,"column":52}}},"52":{"name":"(anonymous_52)","line":512,"loc":{"start":{"line":512,"column":24},"end":{"line":512,"column":36}}},"53":{"name":"(anonymous_53)","line":518,"loc":{"start":{"line":518,"column":37},"end":{"line":518,"column":49}}},"54":{"name":"(anonymous_54)","line":527,"loc":{"start":{"line":527,"column":14},"end":{"line":527,"column":53}}}},"statementMap":{"1":{"start":{"line":5,"column":0},"end":{"line":534,"column":12}},"2":{"start":{"line":8,"column":0},"end":{"line":13,"column":4}},"3":{"start":{"line":9,"column":4},"end":{"line":12,"column":23}},"4":{"start":{"line":16,"column":0},"end":{"line":41,"column":5}},"5":{"start":{"line":42,"column":0},"end":{"line":260,"column":5}},"6":{"start":{"line":44,"column":4},"end":{"line":44,"column":38}},"7":{"start":{"line":45,"column":4},"end":{"line":45,"column":45}},"8":{"start":{"line":46,"column":4},"end":{"line":46,"column":45}},"9":{"start":{"line":47,"column":4},"end":{"line":47,"column":19}},"10":{"start":{"line":48,"column":4},"end":{"line":48,"column":37}},"11":{"start":{"line":49,"column":4},"end":{"line":49,"column":35}},"12":{"start":{"line":50,"column":4},"end":{"line":50,"column":51}},"13":{"start":{"line":51,"column":4},"end":{"line":58,"column":6}},"14":{"start":{"line":59,"column":4},"end":{"line":59,"column":17}},"15":{"start":{"line":60,"column":4},"end":{"line":60,"column":33}},"16":{"start":{"line":61,"column":4},"end":{"line":61,"column":20}},"17":{"start":{"line":62,"column":4},"end":{"line":62,"column":21}},"18":{"start":{"line":64,"column":4},"end":{"line":66,"column":5}},"19":{"start":{"line":65,"column":6},"end":{"line":65,"column":39}},"20":{"start":{"line":68,"column":4},"end":{"line":73,"column":5}},"21":{"start":{"line":69,"column":6},"end":{"line":69,"column":46}},"22":{"start":{"line":70,"column":6},"end":{"line":72,"column":7}},"23":{"start":{"line":71,"column":8},"end":{"line":71,"column":20}},"24":{"start":{"line":75,"column":4},"end":{"line":88,"column":5}},"25":{"start":{"line":76,"column":6},"end":{"line":87,"column":7}},"26":{"start":{"line":77,"column":8},"end":{"line":77,"column":39}},"27":{"start":{"line":78,"column":8},"end":{"line":78,"column":33}},"28":{"start":{"line":79,"column":8},"end":{"line":79,"column":44}},"29":{"start":{"line":80,"column":8},"end":{"line":80,"column":53}},"30":{"start":{"line":81,"column":8},"end":{"line":81,"column":33}},"31":{"start":{"line":82,"column":8},"end":{"line":84,"column":9}},"32":{"start":{"line":83,"column":10},"end":{"line":83,"column":41}},"33":{"start":{"line":86,"column":8},"end":{"line":86,"column":28}},"34":{"start":{"line":90,"column":4},"end":{"line":116,"column":5}},"35":{"start":{"line":91,"column":6},"end":{"line":91,"column":44}},"36":{"start":{"line":92,"column":6},"end":{"line":99,"column":9}},"37":{"start":{"line":93,"column":8},"end":{"line":93,"column":41}},"38":{"start":{"line":94,"column":8},"end":{"line":94,"column":66}},"39":{"start":{"line":96,"column":8},"end":{"line":98,"column":9}},"40":{"start":{"line":97,"column":10},"end":{"line":97,"column":27}},"41":{"start":{"line":100,"column":6},"end":{"line":107,"column":9}},"42":{"start":{"line":101,"column":8},"end":{"line":101,"column":41}},"43":{"start":{"line":102,"column":8},"end":{"line":102,"column":44}},"44":{"start":{"line":104,"column":8},"end":{"line":106,"column":9}},"45":{"start":{"line":105,"column":10},"end":{"line":105,"column":27}},"46":{"start":{"line":108,"column":6},"end":{"line":115,"column":9}},"47":{"start":{"line":109,"column":8},"end":{"line":109,"column":34}},"48":{"start":{"line":111,"column":8},"end":{"line":114,"column":9}},"49":{"start":{"line":112,"column":10},"end":{"line":112,"column":42}},"50":{"start":{"line":113,"column":10},"end":{"line":113,"column":27}},"51":{"start":{"line":123,"column":4},"end":{"line":135,"column":6}},"52":{"start":{"line":124,"column":6},"end":{"line":124,"column":44}},"53":{"start":{"line":125,"column":6},"end":{"line":125,"column":49}},"54":{"start":{"line":127,"column":6},"end":{"line":131,"column":7}},"55":{"start":{"line":128,"column":8},"end":{"line":128,"column":54}},"56":{"start":{"line":130,"column":8},"end":{"line":130,"column":44}},"57":{"start":{"line":133,"column":6},"end":{"line":133,"column":38}},"58":{"start":{"line":134,"column":6},"end":{"line":134,"column":25}},"59":{"start":{"line":142,"column":4},"end":{"line":155,"column":6}},"60":{"start":{"line":143,"column":6},"end":{"line":143,"column":68}},"61":{"start":{"line":144,"column":6},"end":{"line":144,"column":45}},"62":{"start":{"line":146,"column":6},"end":{"line":146,"column":56}},"63":{"start":{"line":147,"column":6},"end":{"line":147,"column":50}},"64":{"start":{"line":149,"column":6},"end":{"line":151,"column":7}},"65":{"start":{"line":150,"column":8},"end":{"line":150,"column":42}},"66":{"start":{"line":152,"column":6},"end":{"line":152,"column":58}},"67":{"start":{"line":153,"column":6},"end":{"line":153,"column":38}},"68":{"start":{"line":154,"column":6},"end":{"line":154,"column":25}},"69":{"start":{"line":160,"column":4},"end":{"line":174,"column":6}},"70":{"start":{"line":161,"column":6},"end":{"line":161,"column":45}},"71":{"start":{"line":162,"column":6},"end":{"line":162,"column":17}},"72":{"start":{"line":163,"column":6},"end":{"line":163,"column":116}},"73":{"start":{"line":164,"column":6},"end":{"line":166,"column":7}},"74":{"start":{"line":165,"column":8},"end":{"line":165,"column":89}},"75":{"start":{"line":167,"column":6},"end":{"line":167,"column":50}},"76":{"start":{"line":168,"column":6},"end":{"line":172,"column":7}},"77":{"start":{"line":169,"column":8},"end":{"line":169,"column":108}},"78":{"start":{"line":170,"column":8},"end":{"line":170,"column":135}},"79":{"start":{"line":171,"column":8},"end":{"line":171,"column":98}},"80":{"start":{"line":173,"column":6},"end":{"line":173,"column":48}},"81":{"start":{"line":181,"column":4},"end":{"line":195,"column":6}},"82":{"start":{"line":182,"column":6},"end":{"line":182,"column":49}},"83":{"start":{"line":183,"column":6},"end":{"line":183,"column":36}},"84":{"start":{"line":184,"column":6},"end":{"line":194,"column":7}},"85":{"start":{"line":185,"column":8},"end":{"line":193,"column":9}},"86":{"start":{"line":186,"column":10},"end":{"line":186,"column":51}},"87":{"start":{"line":187,"column":10},"end":{"line":189,"column":11}},"88":{"start":{"line":188,"column":12},"end":{"line":188,"column":44}},"89":{"start":{"line":190,"column":10},"end":{"line":190,"column":67}},"90":{"start":{"line":192,"column":10},"end":{"line":192,"column":59}},"91":{"start":{"line":203,"column":4},"end":{"line":207,"column":6}},"92":{"start":{"line":204,"column":6},"end":{"line":204,"column":42}},"93":{"start":{"line":205,"column":6},"end":{"line":205,"column":44}},"94":{"start":{"line":206,"column":6},"end":{"line":206,"column":25}},"95":{"start":{"line":213,"column":4},"end":{"line":215,"column":6}},"96":{"start":{"line":214,"column":6},"end":{"line":214,"column":24}},"97":{"start":{"line":217,"column":4},"end":{"line":219,"column":6}},"98":{"start":{"line":218,"column":6},"end":{"line":218,"column":34}},"99":{"start":{"line":225,"column":4},"end":{"line":227,"column":6}},"100":{"start":{"line":226,"column":6},"end":{"line":226,"column":35}},"101":{"start":{"line":233,"column":4},"end":{"line":235,"column":6}},"102":{"start":{"line":234,"column":6},"end":{"line":234,"column":42}},"103":{"start":{"line":241,"column":4},"end":{"line":243,"column":6}},"104":{"start":{"line":242,"column":6},"end":{"line":242,"column":32}},"105":{"start":{"line":246,"column":4},"end":{"line":259,"column":6}},"106":{"start":{"line":251,"column":8},"end":{"line":253,"column":9}},"107":{"start":{"line":252,"column":10},"end":{"line":252,"column":51}},"108":{"start":{"line":255,"column":8},"end":{"line":257,"column":9}},"109":{"start":{"line":256,"column":10},"end":{"line":256,"column":47}},"110":{"start":{"line":262,"column":0},"end":{"line":304,"column":6}},"111":{"start":{"line":264,"column":4},"end":{"line":303,"column":6}},"112":{"start":{"line":267,"column":8},"end":{"line":267,"column":29}},"113":{"start":{"line":268,"column":8},"end":{"line":268,"column":27}},"114":{"start":{"line":269,"column":8},"end":{"line":269,"column":61}},"115":{"start":{"line":270,"column":8},"end":{"line":270,"column":68}},"116":{"start":{"line":272,"column":8},"end":{"line":278,"column":11}},"117":{"start":{"line":273,"column":10},"end":{"line":273,"column":39}},"118":{"start":{"line":274,"column":10},"end":{"line":277,"column":11}},"119":{"start":{"line":275,"column":12},"end":{"line":275,"column":42}},"120":{"start":{"line":276,"column":12},"end":{"line":276,"column":46}},"121":{"start":{"line":281,"column":8},"end":{"line":288,"column":17}},"122":{"start":{"line":282,"column":10},"end":{"line":282,"column":42}},"123":{"start":{"line":284,"column":10},"end":{"line":284,"column":57}},"124":{"start":{"line":285,"column":10},"end":{"line":287,"column":11}},"125":{"start":{"line":286,"column":12},"end":{"line":286,"column":91}},"126":{"start":{"line":291,"column":8},"end":{"line":301,"column":11}},"127":{"start":{"line":292,"column":10},"end":{"line":292,"column":41}},"128":{"start":{"line":293,"column":10},"end":{"line":295,"column":11}},"129":{"start":{"line":294,"column":12},"end":{"line":294,"column":37}},"130":{"start":{"line":297,"column":10},"end":{"line":300,"column":23}},"131":{"start":{"line":298,"column":12},"end":{"line":298,"column":68}},"132":{"start":{"line":299,"column":12},"end":{"line":299,"column":27}},"133":{"start":{"line":306,"column":0},"end":{"line":331,"column":6}},"134":{"start":{"line":308,"column":4},"end":{"line":330,"column":6}},"135":{"start":{"line":315,"column":8},"end":{"line":315,"column":61}},"136":{"start":{"line":316,"column":8},"end":{"line":320,"column":11}},"137":{"start":{"line":317,"column":10},"end":{"line":319,"column":13}},"138":{"start":{"line":318,"column":12},"end":{"line":318,"column":41}},"139":{"start":{"line":322,"column":8},"end":{"line":328,"column":11}},"140":{"start":{"line":323,"column":10},"end":{"line":327,"column":11}},"141":{"start":{"line":324,"column":12},"end":{"line":324,"column":60}},"142":{"start":{"line":326,"column":12},"end":{"line":326,"column":63}},"143":{"start":{"line":333,"column":0},"end":{"line":414,"column":6}},"144":{"start":{"line":335,"column":4},"end":{"line":413,"column":6}},"145":{"start":{"line":340,"column":8},"end":{"line":340,"column":36}},"146":{"start":{"line":341,"column":8},"end":{"line":341,"column":39}},"147":{"start":{"line":342,"column":8},"end":{"line":342,"column":22}},"148":{"start":{"line":343,"column":8},"end":{"line":343,"column":74}},"149":{"start":{"line":344,"column":8},"end":{"line":344,"column":77}},"150":{"start":{"line":345,"column":8},"end":{"line":345,"column":55}},"151":{"start":{"line":346,"column":8},"end":{"line":346,"column":24}},"152":{"start":{"line":347,"column":8},"end":{"line":347,"column":108}},"153":{"start":{"line":348,"column":8},"end":{"line":348,"column":124}},"154":{"start":{"line":349,"column":8},"end":{"line":349,"column":27}},"155":{"start":{"line":350,"column":8},"end":{"line":350,"column":59}},"156":{"start":{"line":352,"column":8},"end":{"line":354,"column":9}},"157":{"start":{"line":353,"column":10},"end":{"line":353,"column":125}},"158":{"start":{"line":357,"column":8},"end":{"line":383,"column":9}},"159":{"start":{"line":358,"column":10},"end":{"line":362,"column":11}},"160":{"start":{"line":359,"column":12},"end":{"line":359,"column":48}},"161":{"start":{"line":361,"column":12},"end":{"line":361,"column":20}},"162":{"start":{"line":364,"column":10},"end":{"line":364,"column":19}},"163":{"start":{"line":365,"column":10},"end":{"line":365,"column":110}},"164":{"start":{"line":366,"column":10},"end":{"line":374,"column":11}},"165":{"start":{"line":368,"column":12},"end":{"line":368,"column":22}},"166":{"start":{"line":369,"column":12},"end":{"line":369,"column":40}},"167":{"start":{"line":370,"column":12},"end":{"line":370,"column":51}},"168":{"start":{"line":371,"column":12},"end":{"line":371,"column":40}},"169":{"start":{"line":373,"column":12},"end":{"line":373,"column":70}},"170":{"start":{"line":375,"column":10},"end":{"line":377,"column":11}},"171":{"start":{"line":376,"column":12},"end":{"line":376,"column":37}},"172":{"start":{"line":378,"column":10},"end":{"line":382,"column":11}},"173":{"start":{"line":379,"column":12},"end":{"line":379,"column":19}},"174":{"start":{"line":381,"column":12},"end":{"line":381,"column":47}},"175":{"start":{"line":385,"column":8},"end":{"line":389,"column":11}},"176":{"start":{"line":386,"column":10},"end":{"line":388,"column":11}},"177":{"start":{"line":387,"column":12},"end":{"line":387,"column":31}},"178":{"start":{"line":391,"column":8},"end":{"line":394,"column":9}},"179":{"start":{"line":392,"column":10},"end":{"line":392,"column":52}},"180":{"start":{"line":393,"column":10},"end":{"line":393,"column":17}},"181":{"start":{"line":397,"column":8},"end":{"line":411,"column":17}},"182":{"start":{"line":398,"column":10},"end":{"line":398,"column":40}},"183":{"start":{"line":400,"column":10},"end":{"line":410,"column":11}},"184":{"start":{"line":401,"column":12},"end":{"line":401,"column":22}},"185":{"start":{"line":402,"column":12},"end":{"line":404,"column":41}},"186":{"start":{"line":406,"column":12},"end":{"line":406,"column":54}},"187":{"start":{"line":407,"column":12},"end":{"line":409,"column":49}},"188":{"start":{"line":416,"column":0},"end":{"line":495,"column":6}},"189":{"start":{"line":418,"column":4},"end":{"line":494,"column":6}},"190":{"start":{"line":427,"column":8},"end":{"line":429,"column":9}},"191":{"start":{"line":428,"column":10},"end":{"line":428,"column":34}},"192":{"start":{"line":430,"column":8},"end":{"line":430,"column":44}},"193":{"start":{"line":434,"column":8},"end":{"line":434,"column":109}},"194":{"start":{"line":435,"column":8},"end":{"line":435,"column":121}},"195":{"start":{"line":437,"column":8},"end":{"line":437,"column":30}},"196":{"start":{"line":438,"column":8},"end":{"line":438,"column":25}},"197":{"start":{"line":440,"column":8},"end":{"line":467,"column":9}},"198":{"start":{"line":441,"column":10},"end":{"line":441,"column":61}},"199":{"start":{"line":442,"column":10},"end":{"line":442,"column":24}},"200":{"start":{"line":443,"column":10},"end":{"line":443,"column":18}},"201":{"start":{"line":444,"column":10},"end":{"line":444,"column":16}},"202":{"start":{"line":445,"column":10},"end":{"line":445,"column":43}},"203":{"start":{"line":446,"column":10},"end":{"line":446,"column":64}},"204":{"start":{"line":447,"column":10},"end":{"line":447,"column":93}},"205":{"start":{"line":449,"column":10},"end":{"line":449,"column":104}},"206":{"start":{"line":450,"column":10},"end":{"line":450,"column":47}},"207":{"start":{"line":452,"column":10},"end":{"line":455,"column":11}},"208":{"start":{"line":453,"column":12},"end":{"line":453,"column":52}},"209":{"start":{"line":454,"column":12},"end":{"line":454,"column":62}},"210":{"start":{"line":457,"column":10},"end":{"line":457,"column":27}},"211":{"start":{"line":458,"column":10},"end":{"line":458,"column":57}},"212":{"start":{"line":460,"column":10},"end":{"line":462,"column":11}},"213":{"start":{"line":461,"column":12},"end":{"line":461,"column":32}},"214":{"start":{"line":464,"column":10},"end":{"line":466,"column":11}},"215":{"start":{"line":465,"column":12},"end":{"line":465,"column":61}},"216":{"start":{"line":470,"column":8},"end":{"line":472,"column":25}},"217":{"start":{"line":471,"column":10},"end":{"line":471,"column":46}},"218":{"start":{"line":475,"column":8},"end":{"line":479,"column":11}},"219":{"start":{"line":476,"column":10},"end":{"line":478,"column":11}},"220":{"start":{"line":477,"column":12},"end":{"line":477,"column":32}},"221":{"start":{"line":481,"column":8},"end":{"line":481,"column":49}},"222":{"start":{"line":484,"column":8},"end":{"line":488,"column":10}},"223":{"start":{"line":485,"column":10},"end":{"line":487,"column":11}},"224":{"start":{"line":486,"column":12},"end":{"line":486,"column":78}},"225":{"start":{"line":490,"column":8},"end":{"line":492,"column":9}},"226":{"start":{"line":491,"column":10},"end":{"line":491,"column":45}},"227":{"start":{"line":497,"column":0},"end":{"line":532,"column":6}},"228":{"start":{"line":499,"column":4},"end":{"line":531,"column":6}},"229":{"start":{"line":508,"column":10},"end":{"line":508,"column":33}},"230":{"start":{"line":510,"column":10},"end":{"line":524,"column":11}},"231":{"start":{"line":511,"column":12},"end":{"line":511,"column":38}},"232":{"start":{"line":512,"column":12},"end":{"line":523,"column":13}},"233":{"start":{"line":514,"column":14},"end":{"line":516,"column":15}},"234":{"start":{"line":515,"column":16},"end":{"line":515,"column":44}},"235":{"start":{"line":518,"column":14},"end":{"line":520,"column":36}},"236":{"start":{"line":519,"column":16},"end":{"line":519,"column":54}},"237":{"start":{"line":522,"column":14},"end":{"line":522,"column":33}},"238":{"start":{"line":528,"column":10},"end":{"line":528,"column":22}}},"branchMap":{"1":{"line":65,"type":"cond-expr","locations":[{"start":{"line":65,"column":19},"end":{"line":65,"column":33}},{"start":{"line":65,"column":36},"end":{"line":65,"column":38}}]},"2":{"line":70,"type":"if","locations":[{"start":{"line":70,"column":6},"end":{"line":70,"column":6}},{"start":{"line":70,"column":6},"end":{"line":70,"column":6}}]},"3":{"line":76,"type":"if","locations":[{"start":{"line":76,"column":6},"end":{"line":76,"column":6}},{"start":{"line":76,"column":6},"end":{"line":76,"column":6}}]},"4":{"line":82,"type":"if","locations":[{"start":{"line":82,"column":8},"end":{"line":82,"column":8}},{"start":{"line":82,"column":8},"end":{"line":82,"column":8}}]},"5":{"line":90,"type":"if","locations":[{"start":{"line":90,"column":4},"end":{"line":90,"column":4}},{"start":{"line":90,"column":4},"end":{"line":90,"column":4}}]},"6":{"line":94,"type":"cond-expr","locations":[{"start":{"line":94,"column":43},"end":{"line":94,"column":53}},{"start":{"line":94,"column":56},"end":{"line":94,"column":65}}]},"7":{"line":94,"type":"binary-expr","locations":[{"start":{"line":94,"column":15},"end":{"line":94,"column":22}},{"start":{"line":94,"column":26},"end":{"line":94,"column":40}}]},"8":{"line":96,"type":"if","locations":[{"start":{"line":96,"column":8},"end":{"line":96,"column":8}},{"start":{"line":96,"column":8},"end":{"line":96,"column":8}}]},"9":{"line":102,"type":"cond-expr","locations":[{"start":{"line":102,"column":25},"end":{"line":102,"column":39}},{"start":{"line":102,"column":42},"end":{"line":102,"column":43}}]},"10":{"line":104,"type":"if","locations":[{"start":{"line":104,"column":8},"end":{"line":104,"column":8}},{"start":{"line":104,"column":8},"end":{"line":104,"column":8}}]},"11":{"line":111,"type":"if","locations":[{"start":{"line":111,"column":8},"end":{"line":111,"column":8}},{"start":{"line":111,"column":8},"end":{"line":111,"column":8}}]},"12":{"line":127,"type":"if","locations":[{"start":{"line":127,"column":6},"end":{"line":127,"column":6}},{"start":{"line":127,"column":6},"end":{"line":127,"column":6}}]},"13":{"line":143,"type":"binary-expr","locations":[{"start":{"line":143,"column":28},"end":{"line":143,"column":61}},{"start":{"line":143,"column":65},"end":{"line":143,"column":67}}]},"14":{"line":144,"type":"cond-expr","locations":[{"start":{"line":144,"column":29},"end":{"line":144,"column":38}},{"start":{"line":144,"column":41},"end":{"line":144,"column":44}}]},"15":{"line":146,"type":"cond-expr","locations":[{"start":{"line":146,"column":35},"end":{"line":146,"column":47}},{"start":{"line":146,"column":50},"end":{"line":146,"column":55}}]},"16":{"line":149,"type":"if","locations":[{"start":{"line":149,"column":6},"end":{"line":149,"column":6}},{"start":{"line":149,"column":6},"end":{"line":149,"column":6}}]},"17":{"line":163,"type":"cond-expr","locations":[{"start":{"line":163,"column":53},"end":{"line":163,"column":104}},{"start":{"line":163,"column":107},"end":{"line":163,"column":115}}]},"18":{"line":164,"type":"if","locations":[{"start":{"line":164,"column":6},"end":{"line":164,"column":6}},{"start":{"line":164,"column":6},"end":{"line":164,"column":6}}]},"19":{"line":168,"type":"if","locations":[{"start"
[...]
:{"line":20,"column":20}},"13":{"start":{"line":21,"column":4},"end":{"line":21,"column":21}},"14":{"start":{"line":23,"column":4},"end":{"line":25,"column":5}},"15":{"start":{"line":24,"column":6},"end":{"line":24,"column":39}},"16":{"start":{"line":27,"column":4},"end":{"line":32,"column":5}},"17":{"start":{"line":28,"column":6},"end":{"line":28,"column":46}},"18":{"start":{"line":29,"column":6},"end":{"line":31,"column":7}},"19":{"start":{"line":30,"column":8},"end":{"line":30,"column":20}},"20":{"start":{"line":34,"column":4},"end":{"line":47,"column":5}},"21":{"start":{"line":35,"column":6},"end":{"line":46,"column":7}},"22":{"start":{"line":36,"column":8},"end":{"line":36,"column":39}},"23":{"start":{"line":37,"column":8},"end":{"line":37,"column":33}},"24":{"start":{"line":38,"column":8},"end":{"line":38,"column":44}},"25":{"start":{"line":39,"column":8},"end":{"line":39,"column":53}},"26":{"start":{"line":40,"column":8},"end":{"line":40,"column":33}},"27":{"start":{"line":41,"column":8},"end":{"line":43,"column":9}},"28":{"start":{"line":42,"column":10},"end":{"line":42,"column":41}},"29":{"start":{"line":45,"column":8},"end":{"line":45,"column":28}},"30":{"start":{"line":49,"column":4},"end":{"line":75,"column":5}},"31":{"start":{"line":50,"column":6},"end":{"line":50,"column":44}},"32":{"start":{"line":51,"column":6},"end":{"line":58,"column":9}},"33":{"start":{"line":52,"column":8},"end":{"line":52,"column":41}},"34":{"start":{"line":53,"column":8},"end":{"line":53,"column":66}},"35":{"start":{"line":55,"column":8},"end":{"line":57,"column":9}},"36":{"start":{"line":56,"column":10},"end":{"line":56,"column":27}},"37":{"start":{"line":59,"column":6},"end":{"line":66,"column":9}},"38":{"start":{"line":60,"column":8},"end":{"line":60,"column":41}},"39":{"start":{"line":61,"column":8},"end":{"line":61,"column":44}},"40":{"start":{"line":63,"column":8},"end":{"line":65,"column":9}},"41":{"start":{"line":64,"column":10},"end":{"line":64,"column":27}},"42":{"start":{"line":67,"column":6},"end":{"line":74,"column":9}},"43":{"start":{"line":68,"column":8},"end":{"line":68,"column":34}},"44":{"start":{"line":70,"column":8},"end":{"line":73,"column":9}},"45":{"start":{"line":71,"column":10},"end":{"line":71,"column":42}},"46":{"start":{"line":72,"column":10},"end":{"line":72,"column":27}},"47":{"start":{"line":82,"column":4},"end":{"line":94,"column":6}},"48":{"start":{"line":83,"column":6},"end":{"line":83,"column":44}},"49":{"start":{"line":84,"column":6},"end":{"line":84,"column":49}},"50":{"start":{"line":86,"column":6},"end":{"line":90,"column":7}},"51":{"start":{"line":87,"column":8},"end":{"line":87,"column":54}},"52":{"start":{"line":89,"column":8},"end":{"line":89,"column":44}},"53":{"start":{"line":92,"column":6},"end":{"line":92,"column":38}},"54":{"start":{"line":93,"column":6},"end":{"line":93,"column":25}},"55":{"start":{"line":101,"column":4},"end":{"line":114,"column":6}},"56":{"start":{"line":102,"column":6},"end":{"line":102,"column":68}},"57":{"start":{"line":103,"column":6},"end":{"line":103,"column":45}},"58":{"start":{"line":105,"column":6},"end":{"line":105,"column":56}},"59":{"start":{"line":106,"column":6},"end":{"line":106,"column":50}},"60":{"start":{"line":108,"column":6},"end":{"line":110,"column":7}},"61":{"start":{"line":109,"column":8},"end":{"line":109,"column":42}},"62":{"start":{"line":111,"column":6},"end":{"line":111,"column":58}},"63":{"start":{"line":112,"column":6},"end":{"line":112,"column":38}},"64":{"start":{"line":113,"column":6},"end":{"line":113,"column":25}},"65":{"start":{"line":119,"column":4},"end":{"line":133,"column":6}},"66":{"start":{"line":120,"column":6},"end":{"line":120,"column":45}},"67":{"start":{"line":121,"column":6},"end":{"line":121,"column":17}},"68":{"start":{"line":122,"column":6},"end":{"line":122,"column":116}},"69":{"start":{"line":123,"column":6},"end":{"line":125,"column":7}},"70":{"start":{"line":124,"column":8},"end":{"line":124,"column":89}},"71":{"start":{"line":126,"column":6},"end":{"line":126,"column":50}},"72":{"start":{"line":127,"column":6},"end":{"line":131,"column":7}},"73":{"start":{"line":128,"column":8},"end":{"line":128,"column":108}},"74":{"start":{"line":129,"column":8},"end":{"line":129,"column":135}},"75":{"start":{"line":130,"column":8},"end":{"line":130,"column":98}},"76":{"start":{"line":132,"column":6},"end":{"line":132,"column":48}},"77":{"start":{"line":140,"column":4},"end":{"line":154,"column":6}},"78":{"start":{"line":141,"column":6},"end":{"line":141,"column":49}},"79":{"start":{"line":142,"column":6},"end":{"line":142,"column":36}},"80":{"start":{"line":143,"column":6},"end":{"line":153,"column":7}},"81":{"start":{"line":144,"column":8},"end":{"line":152,"column":9}},"82":{"start":{"line":145,"column":10},"end":{"line":145,"column":51}},"83":{"start":{"line":146,"column":10},"end":{"line":148,"column":11}},"84":{"start":{"line":147,"column":12},"end":{"line":147,"column":44}},"85":{"start":{"line":149,"column":10},"end":{"line":149,"column":67}},"86":{"start":{"line":151,"column":10},"end":{"line":151,"column":59}},"87":{"start":{"line":162,"column":4},"end":{"line":166,"column":6}},"88":{"start":{"line":163,"column":6},"end":{"line":163,"column":42}},"89":{"start":{"line":164,"column":6},"end":{"line":164,"column":44}},"90":{"start":{"line":165,"column":6},"end":{"line":165,"column":25}},"91":{"start":{"line":172,"column":4},"end":{"line":174,"column":6}},"92":{"start":{"line":173,"column":6},"end":{"line":173,"column":24}},"93":{"start":{"line":176,"column":4},"end":{"line":178,"column":6}},"94":{"start":{"line":177,"column":6},"end":{"line":177,"column":34}},"95":{"start":{"line":184,"column":4},"end":{"line":186,"column":6}},"96":{"start":{"line":185,"column":6},"end":{"line":185,"column":35}},"97":{"start":{"line":192,"column":4},"end":{"line":194,"column":6}},"98":{"start":{"line":193,"column":6},"end":{"line":193,"column":42}},"99":{"start":{"line":200,"column":4},"end":{"line":202,"column":6}},"100":{"start":{"line":201,"column":6},"end":{"line":201,"column":32}},"101":{"start":{"line":205,"column":4},"end":{"line":218,"column":6}},"102":{"start":{"line":210,"column":8},"end":{"line":212,"column":9}},"103":{"start":{"line":211,"column":10},"end":{"line":211,"column":51}},"104":{"start":{"line":214,"column":8},"end":{"line":216,"column":9}},"105":{"start":{"line":215,"column":10},"end":{"line":215,"column":47}}},"branchMap":{"1":{"line":24,"type":"cond-expr","locations":[{"start":{"line":24,"column":19},"end":{"line":24,"column":33}},{"start":{"line":24,"column":36},"end":{"line":24,"column":38}}]},"2":{"line":29,"type":"if","locations":[{"start":{"line":29,"column":6},"end":{"line":29,"column":6}},{"start":{"line":29,"column":6},"end":{"line":29,"column":6}}]},"3":{"line":35,"type":"if","locations":[{"start":{"line":35,"column":6},"end":{"line":35,"column":6}},{"start":{"line":35,"column":6},"end":{"line":35,"column":6}}]},"4":{"line":41,"type":"if","locations":[{"start":{"line":41,"column":8},"end":{"line":41,"column":8}},{"start":{"line":41,"column":8},"end":{"line":41,"column":8}}]},"5":{"line":49,"type":"if","locations":[{"start":{"line":49,"column":4},"end":{"line":49,"column":4}},{"start":{"line":49,"column":4},"end":{"line":49,"column":4}}]},"6":{"line":53,"type":"cond-expr","locations":[{"start":{"line":53,"column":43},"end":{"line":53,"column":53}},{"start":{"line":53,"column":56},"end":{"line":53,"column":65}}]},"7":{"line":53,"type":"binary-expr","locations":[{"start":{"line":53,"column":15},"end":{"line":53,"column":22}},{"start":{"line":53,"column":26},"end":{"line":53,"column":40}}]},"8":{"line":55,"type":"if","locations":[{"start":{"line":55,"column":8},"end":{"line":55,"column":8}},{"start":{"line":55,"column":8},"end":{"line":55,"column":8}}]},"9":{"line":61,"type":"cond-expr","locations":[{"start":{"line":61,"column":25},"end":{"line":61,"column":39}},{"start":{"line":61,"column":42},"end":{"line":61,"column":43}}]},"10":{"line":63,"type":"if","locations":[{"start":{"line":63,"column":8},"end":{"line":63,"column":8}},{"start":{"line":63,"column":8},"end":{"line":63,"column":8}}]},"11":{"line":70,"type":"if","locations":[{"start":{"line":70,"column":8},"end":{"line":70,"column":8}},{"start":{"line":70,"column":8},"end":{"line":70,"column":8}}]},"12":{"line":86,"type":"if","locations":[{"start":{"line":86,"column":6},"end":{"line":86,"column":6}},{"start":{"line":86,"column":6},"end":{"line":86,"column":6}}]},"13":{"line":102,"type":"binary-expr","locations":[{"start":{"line":102,"column":28},"end":{"line":102,"column":61}},{"start":{"line":102,"column":65},"end":{"line":102,"column":67}}]},"14":{"line":103,"type":"cond-expr","locations":[{"start":{"line":103,"column":29},"end":{"line":103,"column":38}},{"start":{"line":103,"column":41},"end":{"line":103,"column":44}}]},"15":{"line":105,"type":"cond-expr","locations":[{"start":{"line":105,"column":35},"end":{"line":105,"column":47}},{"start":{"line":105,"column":50},"end":{"line":105,"column":55}}]},"16":{"line":108,"type":"if","locations":[{"start":{"line":108,"column":6},"end":{"line":108,"column":6}},{"start":{"line":108,"column":6},"end":{"line":108,"column":6}}]},"17":{"line":122,"type":"cond-expr","locations":[{"start":{"line":122,"column":53},"end":{"line":122,"column":104}},{"start":{"line":122,"column":107},"end":{"line":122,"column":115}}]},"18":{"line":123,"type":"if","locations":[{"start":{"line":123,"column":6},"end":{"line":123,"column":6}},{"start":{"line":123,"column":6},"end":{"line":123,"column":6}}]},"19":{"line":127,"type":"if","locations":[{"start":{"line":127,"column":6},"end":{"line":127,"column":6}},{"start":{"line":127,"column":6},"end":{"line":127,"column":6}}]},"20":{"line":128,"type":"cond-expr","locations":[{"start":{"line":128,"column":57},"end":{"line":128,"column":103}},{"start":{"line":128,"column":106},"end":{"line":128,"column":107}}]},"21":{"line":129,"type":"cond-expr","locations":[{"start":{"line":129,"column":65},"end":{"line":129,"column":115}},{"start":{"line":129,"column":118},"end":{"line":129,"column":134}}]},"22":{"line":132,"type":"binary-expr","locations":[{"start":{"line":132,"column":28},"end":{"line":132,"column":34}},{"start":{"line":132,"column":38},"end":{"line":132,"column":46}}]},"23":{"line":143,"type":"if","locations":[{"start":{"line":143,"column":6},"end":{"line":143,"column":6}},{"start":{"line":143,"column":6},"end":{"line":143,"column":6}}]},"24":{"line":144,"type":"if","locations":[{"start":{"line":144,"column":8},"end":{"line":144,"column":8}},{"start":{"line":144,"column":8},"end":{"line":144,"column":8}}]},"25":{"line":146,"type":"if","locations":[{"start":{"line":146,"column":10},"end":{"line":146,"column":10}},{"start":{"line":146,"column":10},"end":{"line":146,"column":10}}]},"26":{"line":149,"type":"cond-expr","locations":[{"start":{"line":149,"column":51},"end":{"line":149,"column":54}},{"start":{"line":149,"column":57},"end":{"line":149,"column":66}}]},"27":{"line":177,"type":"binary-expr","locations":[{"start":{"line":177,"column":13},"end":{"line":177,"column":21}},{"start":{"line":177,"column":25},"end":{"line":177,"column":33}}]},"28":{"line":210,"type":"if","locations":[{"start":{"line":210,"column":8},"end":{"line":210,"column":8}},{"start":{"line":210,"column":8},"end":{"line":210,"column":8}}]},"29":{"line":214,"type":"if","locations":[{"start":{"line":214,"column":8},"end":{"line":214,"column":8}},{"start":{"line":214,"column":8},"end":{"line":214,"column":8}}]}},"code":["ng.module('smart-table')","  .controller('stTableController', ['$scope', '$parse', '$filter', '$attrs', function StTableController ($scope, $parse, $filter, $attrs) {","    var propertyName = $attrs.stTable;","    var displayGetter = $parse(propertyName);","    var displaySetter = displayGetter.assign;","    var safeGetter;","    var orderBy = $filter('orderBy');","    var filter = $filter('filter');","    var safeCopy = copyRefs(displayGetter($scope));","    var tableState = {","      sort: {},","      search: {},","      pagination: {","        start: 0,","        totalItemCount: 0","      }","    };","    var filtered;","    var pipeAfterSafeCopy = true;","    var ctrl = this;","    var lastSelected;","","    function copyRefs (src) {","      return src ? [].concat(src) : [];","    }","","    function updateSafeCopy () {","      safeCopy = copyRefs(safeGetter($scope));","      if (pipeAfterSafeCopy === true) {","        ctrl.pipe();","      }","    }","","    function deepDelete (object, path) {","      if (path.indexOf('.') != -1) {","        var partials = path.split('.');","        var key = partials.pop();","        var parentPath = partials.join('.');","        var parentObject = $parse(parentPath)(object)","        delete parentObject[key];","        if (Object.keys(parentObject).length == 0) {","          deepDelete(object, parentPath);","        }","      } else {","        delete object[path];","      }","    }","","    if ($attrs.stSafeSrc) {","      safeGetter = $parse($attrs.stSafeSrc);","      $scope.$watch(function () {","        var safeSrc = safeGetter($scope);","        return safeSrc && safeSrc.length ? safeSrc[0] : undefined;","      }, function (newValue, oldValue) {","        if (newValue !== oldValue) {","          updateSafeCopy();","        }","      });","      $scope.$watch(function () {","        var safeSrc = safeGetter($scope);","        return safeSrc ? safeSrc.length : 0;","      }, function (newValue, oldValue) {","        if (newValue !== safeCopy.length) {","          updateSafeCopy();","        }","      });","      $scope.$watch(function () {","        return safeGetter($scope);","      }, function (newValue, oldValue) {","        if (newValue !== oldValue) {","          tableState.pagination.start = 0;","          updateSafeCopy();","        }","      });","    }","","    /**","     * sort the rows","     * @param {Function | String} predicate - function or string which will be used as predicate for the sorting","     * @param [reverse] - if you want to reverse the order","     */","    this.sortBy = function sortBy (predicate, reverse) {","      tableState.sort.predicate = predicate;","      tableState.sort.reverse = reverse === true;","","      if (ng.isFunction(predicate)) {","        tableState.sort.functionName = predicate.name;","      } else {","        delete tableState.sort.functionName;","      }","","      tableState.pagination.start = 0;","      return this.pipe();","    };","","    /**","     * search matching rows","     * @param {String} input - the input string","     * @param {String} [predicate] - the property name against you want to check the match, otherwise it will search on all properties","     */","    this.search = function search (input, predicate) {","      var predicateObject = tableState.search.predicateObject || {};","      var prop = predicate ? predicate : '$';","","      input = ng.isString(input) ? input.trim() : input;","      $parse(prop).assign(predicateObject, input);","      // to avoid to filter out null value","      if (!input) {","        deepDelete(predicateObject, prop);","      }","      tableState.search.predicateObject = predicateObject;","      tableState.pagination.start = 0;","      return this.pipe();","    };","","    /**","     * this will chain the operations of sorting and filtering based on the current table state (sort options, filtering, ect)","     */","    this.pipe = function pipe () {","      var pagination = tableState.pagination;","      var output;","      filtered = tableState.search.predicateObject ? filter(safeCopy, tableState.search.predicateObject) : safeCopy;","      if (tableState.sort.predicate) {","        filtered = orderBy(filtered, tableState.sort.predicate, tableState.sort.reverse);","      }","      pagination.totalItemCount = filtered.length;","      if (pagination.number !== undefined) {","        pagination.numberOfPages = filtered.length > 0 ? Math.ceil(filtered.length / pagination.number) : 1;","        pagination.start = pagination.start >= filtered.length ? (pagination.numberOfPages - 1) * pagination.number : pagination.start;","        output = filtered.slice(pagination.start, pagination.start + parseInt(pagination.number));","      }","      displaySetter($scope, output || filtered);","    };","","    /**","     * select a dataRow (it will add the attribute isSelected to the row object)","     * @param {Object} row - the row to select","     * @param {String} [mode] - \"single\" or \"multiple\" (multiple by default)","     */","    this.select = function select (row, mode) {","      var rows = copyRefs(displayGetter($scope));","      var index = rows.indexOf(row);","      if (index !== -1) {","        if (mode === 'single') {","          row.isSelected = row.isSelected !== true;","          if (lastSelected) {","            lastSelected.isSelected = false;","          }","          lastSelected = row.isSelected === true ? row : undefined;","        } else {","          rows[index].isSelected = !rows[index].isSelected;","        }","      }","    };","","    /**","     * take a slice of the current sorted/filtered collection (pagination)","     *","     * @param {Number} start - start index of the slice","     * @param {Number} number - the number of item in the slice","     */","    this.slice = function splice (start, number) {","      tableState.pagination.start = start;","      tableState.pagination.number = number;","      return this.pipe();","    };","","    /**","     * return the current state of the table","     * @returns {{sort: {}, search: {}, pagination: {start: number}}}","     */","    this.tableState = function getTableState () {","      return tableState;","    };","","    this.getFilteredCollection = function getFilteredCollection () {","      return filtered || safeCopy;","    };","","    /**","     * Use a different filter function than the angular FilterFilter","     * @param filterName the name under which the custom filter is registered","     */","    this.setFilterFunction = function setFilterFunction (filterName) {","      filter = $filter(filterName);","    };","","    /**","     * Use a different function than the angular orderBy","     * @param sortFunctionName the name under which the custom order function is registered","     */","    this.setSortFunction = function setSortFunction (sortFunctionName) {","      orderBy = $filter(sortFunctionName);","    };","","    /**","     * Usually when the safe copy is updated the pipe function is called.","     * Calling this method will prevent it, which is something required when using a custom pipe function","     */","    this.preventPipeOnWatch = function preventPipe () {","      pipeAfterSafeCopy = false;","    };","  }])","  .directive('stTable', function () {","    return {","      restrict: 'A',","      controller: 'stTableController',","      link: function (scope, element, attr, ctrl) {","","        if (attr.stSetFilter) {","          ctrl.setFilterFunction(attr.stSetFilter);","        }","","        if (attr.stSetSort) {","          ctrl.setSortFunction(attr.stSetSort);","        }","      }","    };","  });",""],"l":{"1":2,"3":0,"4":0,"5":0,"6":0,"7":0,"8":0,"9":0,"10":0,"18":0,"19":0,"20":0,"21":0,"23":1,"24":0,"27":1,"28":0,"29":0,"30":0,"34":1,"35":0,"36":0,"37":0,"38":0,"39":0,"40":0,"41":0,"42":0,"45":0,"49":0,"50":0,"51":0,"52":0,"53":0,"55":0,"56":0,"59":0,"60":0,"61":0,"63":0,"64":0,"67":0,"68":0,"70":0,"71":0,"72":0,"82":0,"83":0,"84":0,"86":0,"87":0,"89":0,"92":0,"93":0,"101":0,"102":0,"103":0,"105":0,"106":0,"108":0,"109":0,"111":0,"112":0,"113":0,"119":0,"120":0,"121":0,"122":0,"123":0,"124":0,"126":0,"127":0,"128":0,"129":0,"130":0,"132":0,"140":0,"141":0,"142":0,"143":0,"144":0,"145":0,"146":0,"147":0,"149":0,"151":0,"162":0,"163":0,"164":0,"165":0,"172":0,"173":0,"176":0,"177":0,"184":0,"185":0,"192":0,"193":0,"200":0,"201":0,"205":0,"210":0,"211":0,"214":0,"215":0}}}